<?xml version="1.0" encoding="UTF-8"?>
<!-- Generated by org.testng.reporters.JUnitXMLReporter -->
<testsuite hostname="DESKTOP-TKK5GPG" name="Login Test" tests="3" failures="1" timestamp="16 Feb 2021 14:37:08 GMT" time="36.089" errors="0">
  <testcase name="doLogin" time="32.687" classname="com.qtpselenium.hybrid.suitea.LoginTest">
    <failure type="java.lang.reflect.InvocationTargetException">
      <![CDATA[java.lang.reflect.InvocationTargetException
	at com.qtpselenium.hybrid.driver.DriverScript.executeKeywords(DriverScript.java:57)
	at com.qtpselenium.hybrid.suitea.LoginTest.doLogin(LoginTest.java:30)
Caused by: java.lang.AssertionError: The following asserts failed:
	Title not found,
	Element not presentsigninLink_xpath
	at com.qtpselenium.hybrid.keywords.GenericKeywords.reportFailure(GenericKeywords.java:187)
	at com.qtpselenium.hybrid.keywords.GenericKeywords.validateElementPresent(GenericKeywords.java:153)
	... 32 more
... Removed 31 stack frames]]>
    </failure>
  </testcase> <!-- doLogin -->
  <testcase name="doLogin" time="0.004" classname="com.qtpselenium.hybrid.suitea.LoginTest">
    <skipped/>
  </testcase> <!-- doLogin -->
  <testcase name="doLogin" time="0.002" classname="com.qtpselenium.hybrid.suitea.LoginTest">
    <skipped/>
  </testcase> <!-- doLogin -->
</testsuite> <!-- Login Test -->
