<?xml version="1.0" encoding="UTF-8"?>
<!-- Generated by org.testng.reporters.JUnitXMLReporter -->
<testsuite hostname="DESKTOP-TKK5GPG" name="PortfolioTest" tests="3" failures="1" timestamp="21 Feb 2021 14:58:25 GMT" time="241.899" errors="0">
  <testcase name="createPortfolioTest" time="239.829" classname="com.qtpselenium.hybrid.portfoliosuite.PortfolioTest">
    <failure type="java.lang.reflect.InvocationTargetException">
      <![CDATA[java.lang.reflect.InvocationTargetException
	at com.qtpselenium.hybrid.driver.DriverScript.executeKeywords(DriverScript.java:57)
	at com.qtpselenium.hybrid.portfoliosuite.PortfolioTest.createPortfolioTest(PortfolioTest.java:32)
	at java.util.concurrent.ThreadPoolExecutor.runWorker(ThreadPoolExecutor.java:1142)
	at java.util.concurrent.ThreadPoolExecutor$Worker.run(ThreadPoolExecutor.java:617)
	at java.lang.Thread.run(Thread.java:745)
Caused by: java.lang.AssertionError: The following asserts failed:
	Values Dont match. Got value as Ashi_9
	at com.qtpselenium.hybrid.keywords.GenericKeywords.reportFailure(GenericKeywords.java:245)
	at com.qtpselenium.hybrid.keywords.GenericKeywords.waitTillSelectionToBe(GenericKeywords.java:344)
	at com.qtpselenium.hybrid.keywords.AppKeywords.verifyPortfolio(AppKeywords.java:80)
	... 27 more
... Removed 23 stack frames]]>
    </failure>
  </testcase> <!-- createPortfolioTest -->
  <testcase name="createPortfolioTest" time="0.004" classname="com.qtpselenium.hybrid.portfoliosuite.PortfolioTest">
    <skipped/>
  </testcase> <!-- createPortfolioTest -->
  <testcase name="deletePortfolioTest" time="0.002" classname="com.qtpselenium.hybrid.portfoliosuite.PortfolioTest">
    <skipped/>
  </testcase> <!-- deletePortfolioTest -->
</testsuite> <!-- PortfolioTest -->
