<?xml version="1.0" encoding="UTF-8"?>
<!-- Generated by org.testng.reporters.JUnitXMLReporter -->
<testsuite hostname="DESKTOP-TKK5GPG" name="StockTest" tests="1" failures="1" timestamp="21 Feb 2021 14:58:24 GMT" time="240.476" errors="0">
  <testcase name="AddStockTest" time="232.967" classname="com.qtpselenium.hybrid.stocksuite.StockTest">
    <failure type="java.lang.reflect.InvocationTargetException">
      <![CDATA[java.lang.reflect.InvocationTargetException
	at com.qtpselenium.hybrid.driver.DriverScript.executeKeywords(DriverScript.java:57)
	at com.qtpselenium.hybrid.stocksuite.StockTest.AddStockTest(StockTest.java:29)
	at java.util.concurrent.ThreadPoolExecutor.runWorker(ThreadPoolExecutor.java:1142)
	at java.util.concurrent.ThreadPoolExecutor$Worker.run(ThreadPoolExecutor.java:617)
	at java.lang.Thread.run(Thread.java:745)
Caused by: java.lang.AssertionError: The following asserts failed:
	Element not present//select[@id='portfolioid']
	at com.qtpselenium.hybrid.keywords.GenericKeywords.reportFailure(GenericKeywords.java:245)
	at com.qtpselenium.hybrid.keywords.GenericKeywords.getObject(GenericKeywords.java:191)
	at com.qtpselenium.hybrid.keywords.GenericKeywords.isElementInList(GenericKeywords.java:356)
	at com.qtpselenium.hybrid.keywords.GenericKeywords.select(GenericKeywords.java:370)
	... 27 more
... Removed 23 stack frames]]>
    </failure>
  </testcase> <!-- AddStockTest -->
</testsuite> <!-- StockTest -->
