<!DOCTYPE html PUBLIC "-//W3C//DTD XHTML 1.1//EN" "http://www.w3.org/TR/xhtml11/DTD/xhtml11.dtd">
<html xmlns="http://www.w3.org/1999/xhtml"><head><title>TestNG Report</title><style type="text/css">table {margin-bottom:10px;border-collapse:collapse;empty-cells:show}th,td {border:1px solid #009;padding:.25em .5em}th {vertical-align:bottom}td {vertical-align:top}table a {font-weight:bold}.stripe td {background-color: #E6EBF9}.num {text-align:right}.passedodd td {background-color: #3F3}.passedeven td {background-color: #0A0}.skippedodd td {background-color: #DDD}.skippedeven td {background-color: #CCC}.failedodd td,.attn {background-color: #F33}.failedeven td,.stripe .attn {background-color: #D00}.stacktrace {white-space:pre;font-family:monospace}.totop {font-size:85%;text-align:center;border-bottom:2px solid #000}</style></head><body><table><tr><th>Test</th><th># Passed</th><th># Skipped</th><th># Failed</th><th>Time (ms)</th><th>Included Groups</th><th>Excluded Groups</th></tr><tr><th colspan="7">Suite B</th></tr><tr><td><a href="#t0">Test B1</a></td><td class="num">1</td><td class="num">0</td><td class="num">0</td><td class="num">142</td><td></td><td></td></tr><tr><th colspan="7">Suite A</th></tr><tr class="stripe"><td><a href="#t1">Login Test</a></td><td class="num">0</td><td class="num attn">2</td><td class="num attn">1</td><td class="num">39,615</td><td></td><td></td></tr><tr><td><a href="#t2">Test B</a></td><td class="num">1</td><td class="num attn">1</td><td class="num">0</td><td class="num">12,234</td><td></td><td></td></tr><tr><th colspan="7">My suite</th></tr><tr><th>Total</th><th class="num">2</th><th class="num attn">3</th><th class="num attn">1</th><th class="num">51,991</th><th colspan="2"></th></tr></table><table><thead><tr><th>Class</th><th>Method</th><th>Start</th><th>Time (ms)</th></tr></thead><tbody><tr><th colspan="4">Suite B</th></tr></tbody><tbody id="t0"><tr><th colspan="4">Test B1 &#8212; passed</th></tr><tr class="passedeven"><td rowspan="1">com.qtpselenium.hybrid.suiteb.TestB1</td><td><a href="#m0">testB1Test</a></td><td rowspan="1">1613484620092</td><td rowspan="1">2</td></tr></tbody><tbody><tr><th colspan="4">Suite A</th></tr></tbody><tbody id="t1"><tr><th colspan="4">Login Test &#8212; failed</th></tr><tr class="failedeven"><td rowspan="1">com.qtpselenium.hybrid.suitea.LoginTest</td><td><a href="#m1">doLogin</a></td><td rowspan="1">1613484569679</td><td rowspan="1">35815</td></tr><tr><th colspan="4">Login Test &#8212; skipped</th></tr><tr class="skippedeven"><td rowspan="2">com.qtpselenium.hybrid.suitea.LoginTest</td><td><a href="#m2">doLogin</a></td><td rowspan="2">1613484607674</td><td rowspan="2">3</td></tr><tr class="skippedeven"><td><a href="#m3">doLogin</a></td></tr></tbody><tbody id="t2"><tr><th colspan="4">Test B &#8212; skipped</th></tr><tr class="skippedeven"><td rowspan="1">com.qtpselenium.hybrid.suitea.TestB</td><td><a href="#m4">testBTest</a></td><td rowspan="1">1613484619927</td><td rowspan="1">4</td></tr><tr><th colspan="4">Test B &#8212; passed</th></tr><tr class="passedeven"><td rowspan="1">com.qtpselenium.hybrid.suitea.TestB</td><td><a href="#m5">testBTest</a></td><td rowspan="1">1613484607883</td><td rowspan="1">10983</td></tr></tbody><tbody><tr><th colspan="4">My suite</th></tr></tbody></table><h2>Test B1</h2><h3 id="m0">com.qtpselenium.hybrid.suiteb.TestB1#testB1Test</h3><table class="result"></table><p class="totop"><a href="#summary">back to summary</a></p><h2>Login Test</h2><h3 id="m1">com.qtpselenium.hybrid.suitea.LoginTest#doLogin</h3><table class="result"><tr class="param"><th>Parameter #1</th></tr><tr class="param stripe"><td>{Username=U1, ExpectedResult=LoginSuccess, Password=P1, Runmode=Y, Browser=Chrome}</td></tr><tr><th>Exception</th></tr><tr><td><div class="stacktrace">java.lang.reflect.InvocationTargetException
	at com.qtpselenium.hybrid.driver.DriverScript.executeKeywords(DriverScript.java:57)
	at com.qtpselenium.hybrid.suitea.LoginTest.doLogin(LoginTest.java:30)
Caused by: java.lang.AssertionError: The following asserts failed:
	Title not found,
	Element not presentsigninLink_xpath
	at com.qtpselenium.hybrid.keywords.GenericKeywords.reportFailure(GenericKeywords.java:187)
	at com.qtpselenium.hybrid.keywords.GenericKeywords.validateElementPresent(GenericKeywords.java:153)
	... 32 more
... Removed 31 stack frames</div></td></tr></table><p class="totop"><a href="#summary">back to summary</a></p><h3 id="m2">com.qtpselenium.hybrid.suitea.LoginTest#doLogin</h3><table class="result"><tr class="param"><th>Parameter #1</th></tr><tr class="param stripe"><td>{Username=U3, ExpectedResult=LoginFailure, Password=P3, Runmode=N, Browser=Edge}</td></tr><tr><th>Exception</th></tr><tr><td><div class="stacktrace">org.testng.SkipException: Skippinng the test as runmode is N
	at com.qtpselenium.hybrid.suitea.LoginTest.doLogin(LoginTest.java:28)
... Removed 26 stack frames</div></td></tr></table><p class="totop"><a href="#summary">back to summary</a></p><h3 id="m3">com.qtpselenium.hybrid.suitea.LoginTest#doLogin</h3><table class="result"><tr class="param"><th>Parameter #1</th></tr><tr class="param stripe"><td>{Username=itsthaku.r@gmail.com, ExpectedResult=LoginSuccess, Password=Ashish@123, Runmode=N, Browser=Chrome}</td></tr><tr><th>Exception</th></tr><tr><td><div class="stacktrace">org.testng.SkipException: Skippinng the test as runmode is N
	at com.qtpselenium.hybrid.suitea.LoginTest.doLogin(LoginTest.java:28)
... Removed 26 stack frames</div></td></tr></table><p class="totop"><a href="#summary">back to summary</a></p><h2>Test B</h2><h3 id="m4">com.qtpselenium.hybrid.suitea.TestB#testBTest</h3><table class="result"><tr class="param"><th>Parameter #1</th></tr><tr class="param stripe"><td>{Col2=Dummy4, Runmode=N, Browser=Dummy3}</td></tr><tr><th>Exception</th></tr><tr><td><div class="stacktrace">org.testng.SkipException: Skippinng the test as runmode is N
	at com.qtpselenium.hybrid.suitea.TestB.testBTest(TestB.java:31)
... Removed 26 stack frames</div></td></tr></table><p class="totop"><a href="#summary">back to summary</a></p><h3 id="m5">com.qtpselenium.hybrid.suitea.TestB#testBTest</h3><table class="result"><tr class="param"><th>Parameter #1</th></tr><tr class="param stripe"><td>{Col2=Dummy2, Runmode=Y, Browser=Chrome}</td></tr></table><p class="totop"><a href="#summary">back to summary</a></p></body></html>