<?xml version="1.0" encoding="UTF-8"?>
<testng-results skipped="3" failed="1" total="6" passed="2">
  <reporter-output>
  </reporter-output>
  <suite name="Suite B" duration-ms="142" started-at="2021-02-16T14:10:20Z" finished-at="2021-02-16T14:10:20Z">
    <groups>
    </groups>
    <test name="Test B1" duration-ms="142" started-at="2021-02-16T14:10:20Z" finished-at="2021-02-16T14:10:20Z">
      <class name="com.qtpselenium.hybrid.suiteb.TestB1">
        <test-method status="PASS" signature="init()[pri:0, instance:com.qtpselenium.hybrid.suiteb.TestB1@3f49dace]" name="init" is-config="true" duration-ms="48" started-at="2021-02-16T09:10:20Z" finished-at="2021-02-16T09:10:20Z">
          <reporter-output>
          </reporter-output>
        </test-method> <!-- init -->
        <test-method status="PASS" signature="testB1Test()[pri:0, instance:com.qtpselenium.hybrid.suiteb.TestB1@3f49dace]" name="testB1Test" duration-ms="2" started-at="2021-02-16T09:10:20Z" finished-at="2021-02-16T09:10:20Z">
          <reporter-output>
          </reporter-output>
        </test-method> <!-- testB1Test -->
        <test-method status="PASS" signature="initTest()[pri:0, instance:com.qtpselenium.hybrid.suiteb.TestB1@3f49dace]" name="initTest" is-config="true" duration-ms="0" started-at="2021-02-16T09:10:20Z" finished-at="2021-02-16T09:10:20Z">
          <reporter-output>
          </reporter-output>
        </test-method> <!-- initTest -->
        <test-method status="PASS" signature="quit()[pri:0, instance:com.qtpselenium.hybrid.suiteb.TestB1@3f49dace]" name="quit" is-config="true" duration-ms="86" started-at="2021-02-16T09:10:20Z" finished-at="2021-02-16T09:10:20Z">
          <reporter-output>
          </reporter-output>
        </test-method> <!-- quit -->
      </class> <!-- com.qtpselenium.hybrid.suiteb.TestB1 -->
    </test> <!-- Test B1 -->
  </suite> <!-- Suite B -->
  <suite name="Suite A" duration-ms="51879" started-at="2021-02-16T14:09:28Z" finished-at="2021-02-16T14:10:20Z">
    <groups>
    </groups>
    <test name="Login Test" duration-ms="39615" started-at="2021-02-16T14:09:28Z" finished-at="2021-02-16T14:10:07Z">
      <class name="com.qtpselenium.hybrid.suitea.LoginTest">
        <test-method status="PASS" signature="init()[pri:0, instance:com.qtpselenium.hybrid.suitea.LoginTest@77cd7a0]" name="init" is-config="true" duration-ms="1176" started-at="2021-02-16T09:09:28Z" finished-at="2021-02-16T09:09:29Z">
          <reporter-output>
          </reporter-output>
        </test-method> <!-- init -->
        <test-method status="PASS" signature="initTest()[pri:0, instance:com.qtpselenium.hybrid.suitea.LoginTest@77cd7a0]" name="initTest" is-config="true" duration-ms="297" started-at="2021-02-16T09:09:29Z" finished-at="2021-02-16T09:09:29Z">
          <reporter-output>
          </reporter-output>
        </test-method> <!-- initTest -->
        <test-method status="FAIL" signature="doLogin(java.util.Hashtable)[pri:0, instance:com.qtpselenium.hybrid.suitea.LoginTest@77cd7a0]" name="doLogin" duration-ms="35815" started-at="2021-02-16T09:09:29Z" data-provider="getData" finished-at="2021-02-16T09:10:05Z">
          <params>
            <param index="0">
              <value>
                <![CDATA[{Username=U1, ExpectedResult=LoginSuccess, Password=P1, Runmode=Y, Browser=Chrome}]]>
              </value>
            </param>
          </params>
          <exception class="java.lang.reflect.InvocationTargetException">
            <full-stacktrace>
              <![CDATA[java.lang.reflect.InvocationTargetException
	at sun.reflect.NativeMethodAccessorImpl.invoke0(Native Method)
	at sun.reflect.NativeMethodAccessorImpl.invoke(NativeMethodAccessorImpl.java:62)
	at sun.reflect.DelegatingMethodAccessorImpl.invoke(DelegatingMethodAccessorImpl.java:43)
	at java.lang.reflect.Method.invoke(Method.java:498)
	at com.qtpselenium.hybrid.driver.DriverScript.executeKeywords(DriverScript.java:57)
	at com.qtpselenium.hybrid.suitea.LoginTest.doLogin(LoginTest.java:30)
	at sun.reflect.NativeMethodAccessorImpl.invoke0(Native Method)
	at sun.reflect.NativeMethodAccessorImpl.invoke(NativeMethodAccessorImpl.java:62)
	at sun.reflect.DelegatingMethodAccessorImpl.invoke(DelegatingMethodAccessorImpl.java:43)
	at java.lang.reflect.Method.invoke(Method.java:498)
	at org.testng.internal.MethodInvocationHelper.invokeMethod(MethodInvocationHelper.java:100)
	at org.testng.internal.Invoker.invokeMethod(Invoker.java:646)
	at org.testng.internal.Invoker.invokeTestMethod(Invoker.java:811)
	at org.testng.internal.Invoker.invokeTestMethods(Invoker.java:1137)
	at org.testng.internal.TestMethodWorker.invokeTestMethods(TestMethodWorker.java:129)
	at org.testng.internal.TestMethodWorker.run(TestMethodWorker.java:112)
	at org.testng.TestRunner.privateRun(TestRunner.java:753)
	at org.testng.TestRunner.run(TestRunner.java:607)
	at org.testng.SuiteRunner.runTest(SuiteRunner.java:368)
	at org.testng.SuiteRunner.runSequentially(SuiteRunner.java:363)
	at org.testng.SuiteRunner.privateRun(SuiteRunner.java:321)
	at org.testng.SuiteRunner.run(SuiteRunner.java:270)
	at org.testng.SuiteRunnerWorker.runSuite(SuiteRunnerWorker.java:52)
	at org.testng.SuiteRunnerWorker.run(SuiteRunnerWorker.java:86)
	at org.testng.TestNG.runSuitesSequentially(TestNG.java:1284)
	at org.testng.TestNG.runSuitesSequentially(TestNG.java:1280)
	at org.testng.TestNG.runSuitesLocally(TestNG.java:1209)
	at org.testng.TestNG.runSuites(TestNG.java:1124)
	at org.testng.TestNG.run(TestNG.java:1096)
	at org.testng.remote.AbstractRemoteTestNG.run(AbstractRemoteTestNG.java:132)
	at org.testng.remote.RemoteTestNG.initAndRun(RemoteTestNG.java:236)
	at org.testng.remote.RemoteTestNG.main(RemoteTestNG.java:81)
Caused by: java.lang.AssertionError: The following asserts failed:
	Title not found,
	Element not presentsigninLink_xpath
	at org.testng.asserts.SoftAssert.assertAll(SoftAssert.java:43)
	at com.qtpselenium.hybrid.keywords.GenericKeywords.reportFailure(GenericKeywords.java:187)
	at com.qtpselenium.hybrid.keywords.GenericKeywords.validateElementPresent(GenericKeywords.java:153)
	... 32 more
]]>
            </full-stacktrace>
          </exception> <!-- java.lang.reflect.InvocationTargetException -->
          <reporter-output>
          </reporter-output>
        </test-method> <!-- doLogin -->
        <test-method status="PASS" signature="quit()[pri:0, instance:com.qtpselenium.hybrid.suitea.LoginTest@77cd7a0]" name="quit" is-config="true" duration-ms="2042" started-at="2021-02-16T09:10:05Z" finished-at="2021-02-16T09:10:07Z">
          <reporter-output>
          </reporter-output>
        </test-method> <!-- quit -->
        <test-method status="PASS" signature="initTest()[pri:0, instance:com.qtpselenium.hybrid.suitea.LoginTest@77cd7a0]" name="initTest" is-config="true" duration-ms="1" started-at="2021-02-16T09:10:07Z" finished-at="2021-02-16T09:10:07Z">
          <reporter-output>
          </reporter-output>
        </test-method> <!-- initTest -->
        <test-method status="SKIP" signature="doLogin(java.util.Hashtable)[pri:0, instance:com.qtpselenium.hybrid.suitea.LoginTest@77cd7a0]" name="doLogin" duration-ms="6" started-at="2021-02-16T09:10:07Z" data-provider="getData" finished-at="2021-02-16T09:10:07Z">
          <params>
            <param index="0">
              <value>
                <![CDATA[{Username=itsthaku.r@gmail.com, ExpectedResult=LoginSuccess, Password=Ashish@123, Runmode=N, Browser=Chrome}]]>
              </value>
            </param>
          </params>
          <exception class="org.testng.SkipException">
            <message>
              <![CDATA[Skippinng the test as runmode is N]]>
            </message>
            <full-stacktrace>
              <![CDATA[org.testng.SkipException: Skippinng the test as runmode is N
	at com.qtpselenium.hybrid.suitea.LoginTest.doLogin(LoginTest.java:28)
	at sun.reflect.NativeMethodAccessorImpl.invoke0(Native Method)
	at sun.reflect.NativeMethodAccessorImpl.invoke(NativeMethodAccessorImpl.java:62)
	at sun.reflect.DelegatingMethodAccessorImpl.invoke(DelegatingMethodAccessorImpl.java:43)
	at java.lang.reflect.Method.invoke(Method.java:498)
	at org.testng.internal.MethodInvocationHelper.invokeMethod(MethodInvocationHelper.java:100)
	at org.testng.internal.Invoker.invokeMethod(Invoker.java:646)
	at org.testng.internal.Invoker.invokeTestMethod(Invoker.java:811)
	at org.testng.internal.Invoker.invokeTestMethods(Invoker.java:1137)
	at org.testng.internal.TestMethodWorker.invokeTestMethods(TestMethodWorker.java:129)
	at org.testng.internal.TestMethodWorker.run(TestMethodWorker.java:112)
	at org.testng.TestRunner.privateRun(TestRunner.java:753)
	at org.testng.TestRunner.run(TestRunner.java:607)
	at org.testng.SuiteRunner.runTest(SuiteRunner.java:368)
	at org.testng.SuiteRunner.runSequentially(SuiteRunner.java:363)
	at org.testng.SuiteRunner.privateRun(SuiteRunner.java:321)
	at org.testng.SuiteRunner.run(SuiteRunner.java:270)
	at org.testng.SuiteRunnerWorker.runSuite(SuiteRunnerWorker.java:52)
	at org.testng.SuiteRunnerWorker.run(SuiteRunnerWorker.java:86)
	at org.testng.TestNG.runSuitesSequentially(TestNG.java:1284)
	at org.testng.TestNG.runSuitesSequentially(TestNG.java:1280)
	at org.testng.TestNG.runSuitesLocally(TestNG.java:1209)
	at org.testng.TestNG.runSuites(TestNG.java:1124)
	at org.testng.TestNG.run(TestNG.java:1096)
	at org.testng.remote.AbstractRemoteTestNG.run(AbstractRemoteTestNG.java:132)
	at org.testng.remote.RemoteTestNG.initAndRun(RemoteTestNG.java:236)
	at org.testng.remote.RemoteTestNG.main(RemoteTestNG.java:81)
]]>
            </full-stacktrace>
          </exception> <!-- org.testng.SkipException -->
          <reporter-output>
          </reporter-output>
        </test-method> <!-- doLogin -->
        <test-method status="PASS" signature="quit()[pri:0, instance:com.qtpselenium.hybrid.suitea.LoginTest@77cd7a0]" name="quit" is-config="true" duration-ms="124" started-at="2021-02-16T09:10:07Z" finished-at="2021-02-16T09:10:07Z">
          <reporter-output>
          </reporter-output>
        </test-method> <!-- quit -->
        <test-method status="SKIP" signature="doLogin(java.util.Hashtable)[pri:0, instance:com.qtpselenium.hybrid.suitea.LoginTest@77cd7a0]" name="doLogin" duration-ms="3" started-at="2021-02-16T09:10:07Z" data-provider="getData" finished-at="2021-02-16T09:10:07Z">
          <params>
            <param index="0">
              <value>
                <![CDATA[{Username=U3, ExpectedResult=LoginFailure, Password=P3, Runmode=N, Browser=Edge}]]>
              </value>
            </param>
          </params>
          <exception class="org.testng.SkipException">
            <message>
              <![CDATA[Skippinng the test as runmode is N]]>
            </message>
            <full-stacktrace>
              <![CDATA[org.testng.SkipException: Skippinng the test as runmode is N
	at com.qtpselenium.hybrid.suitea.LoginTest.doLogin(LoginTest.java:28)
	at sun.reflect.NativeMethodAccessorImpl.invoke0(Native Method)
	at sun.reflect.NativeMethodAccessorImpl.invoke(NativeMethodAccessorImpl.java:62)
	at sun.reflect.DelegatingMethodAccessorImpl.invoke(DelegatingMethodAccessorImpl.java:43)
	at java.lang.reflect.Method.invoke(Method.java:498)
	at org.testng.internal.MethodInvocationHelper.invokeMethod(MethodInvocationHelper.java:100)
	at org.testng.internal.Invoker.invokeMethod(Invoker.java:646)
	at org.testng.internal.Invoker.invokeTestMethod(Invoker.java:811)
	at org.testng.internal.Invoker.invokeTestMethods(Invoker.java:1137)
	at org.testng.internal.TestMethodWorker.invokeTestMethods(TestMethodWorker.java:129)
	at org.testng.internal.TestMethodWorker.run(TestMethodWorker.java:112)
	at org.testng.TestRunner.privateRun(TestRunner.java:753)
	at org.testng.TestRunner.run(TestRunner.java:607)
	at org.testng.SuiteRunner.runTest(SuiteRunner.java:368)
	at org.testng.SuiteRunner.runSequentially(SuiteRunner.java:363)
	at org.testng.SuiteRunner.privateRun(SuiteRunner.java:321)
	at org.testng.SuiteRunner.run(SuiteRunner.java:270)
	at org.testng.SuiteRunnerWorker.runSuite(SuiteRunnerWorker.java:52)
	at org.testng.SuiteRunnerWorker.run(SuiteRunnerWorker.java:86)
	at org.testng.TestNG.runSuitesSequentially(TestNG.java:1284)
	at org.testng.TestNG.runSuitesSequentially(TestNG.java:1280)
	at org.testng.TestNG.runSuitesLocally(TestNG.java:1209)
	at org.testng.TestNG.runSuites(TestNG.java:1124)
	at org.testng.TestNG.run(TestNG.java:1096)
	at org.testng.remote.AbstractRemoteTestNG.run(AbstractRemoteTestNG.java:132)
	at org.testng.remote.RemoteTestNG.initAndRun(RemoteTestNG.java:236)
	at org.testng.remote.RemoteTestNG.main(RemoteTestNG.java:81)
]]>
            </full-stacktrace>
          </exception> <!-- org.testng.SkipException -->
          <reporter-output>
          </reporter-output>
        </test-method> <!-- doLogin -->
        <test-method status="PASS" signature="initTest()[pri:0, instance:com.qtpselenium.hybrid.suitea.LoginTest@77cd7a0]" name="initTest" is-config="true" duration-ms="0" started-at="2021-02-16T09:10:07Z" finished-at="2021-02-16T09:10:07Z">
          <reporter-output>
          </reporter-output>
        </test-method> <!-- initTest -->
        <test-method status="PASS" signature="quit()[pri:0, instance:com.qtpselenium.hybrid.suitea.LoginTest@77cd7a0]" name="quit" is-config="true" duration-ms="76" started-at="2021-02-16T09:10:07Z" finished-at="2021-02-16T09:10:07Z">
          <reporter-output>
          </reporter-output>
        </test-method> <!-- quit -->
      </class> <!-- com.qtpselenium.hybrid.suitea.LoginTest -->
    </test> <!-- Login Test -->
    <test name="Test B" duration-ms="12234" started-at="2021-02-16T14:10:07Z" finished-at="2021-02-16T14:10:20Z">
      <class name="com.qtpselenium.hybrid.suitea.TestB">
        <test-method status="PASS" signature="init()[pri:0, instance:com.qtpselenium.hybrid.suitea.TestB@7085bdee]" name="init" is-config="true" duration-ms="94" started-at="2021-02-16T09:10:07Z" finished-at="2021-02-16T09:10:07Z">
          <reporter-output>
          </reporter-output>
        </test-method> <!-- init -->
        <test-method status="PASS" signature="testBTest(java.util.Hashtable)[pri:0, instance:com.qtpselenium.hybrid.suitea.TestB@7085bdee]" name="testBTest" duration-ms="10983" started-at="2021-02-16T09:10:07Z" data-provider="getData" finished-at="2021-02-16T09:10:18Z">
          <params>
            <param index="0">
              <value>
                <![CDATA[{Col2=Dummy2, Runmode=Y, Browser=Chrome}]]>
              </value>
            </param>
          </params>
          <reporter-output>
          </reporter-output>
        </test-method> <!-- testBTest -->
        <test-method status="PASS" signature="initTest()[pri:0, instance:com.qtpselenium.hybrid.suitea.TestB@7085bdee]" name="initTest" is-config="true" duration-ms="0" started-at="2021-02-16T09:10:07Z" finished-at="2021-02-16T09:10:07Z">
          <reporter-output>
          </reporter-output>
        </test-method> <!-- initTest -->
        <test-method status="PASS" signature="quit()[pri:0, instance:com.qtpselenium.hybrid.suitea.TestB@7085bdee]" name="quit" is-config="true" duration-ms="1058" started-at="2021-02-16T09:10:18Z" finished-at="2021-02-16T09:10:19Z">
          <reporter-output>
          </reporter-output>
        </test-method> <!-- quit -->
        <test-method status="SKIP" signature="testBTest(java.util.Hashtable)[pri:0, instance:com.qtpselenium.hybrid.suitea.TestB@7085bdee]" name="testBTest" duration-ms="4" started-at="2021-02-16T09:10:19Z" data-provider="getData" finished-at="2021-02-16T09:10:19Z">
          <params>
            <param index="0">
              <value>
                <![CDATA[{Col2=Dummy4, Runmode=N, Browser=Dummy3}]]>
              </value>
            </param>
          </params>
          <exception class="org.testng.SkipException">
            <message>
              <![CDATA[Skippinng the test as runmode is N]]>
            </message>
            <full-stacktrace>
              <![CDATA[org.testng.SkipException: Skippinng the test as runmode is N
	at com.qtpselenium.hybrid.suitea.TestB.testBTest(TestB.java:31)
	at sun.reflect.NativeMethodAccessorImpl.invoke0(Native Method)
	at sun.reflect.NativeMethodAccessorImpl.invoke(NativeMethodAccessorImpl.java:62)
	at sun.reflect.DelegatingMethodAccessorImpl.invoke(DelegatingMethodAccessorImpl.java:43)
	at java.lang.reflect.Method.invoke(Method.java:498)
	at org.testng.internal.MethodInvocationHelper.invokeMethod(MethodInvocationHelper.java:100)
	at org.testng.internal.Invoker.invokeMethod(Invoker.java:646)
	at org.testng.internal.Invoker.invokeTestMethod(Invoker.java:811)
	at org.testng.internal.Invoker.invokeTestMethods(Invoker.java:1137)
	at org.testng.internal.TestMethodWorker.invokeTestMethods(TestMethodWorker.java:129)
	at org.testng.internal.TestMethodWorker.run(TestMethodWorker.java:112)
	at org.testng.TestRunner.privateRun(TestRunner.java:753)
	at org.testng.TestRunner.run(TestRunner.java:607)
	at org.testng.SuiteRunner.runTest(SuiteRunner.java:368)
	at org.testng.SuiteRunner.runSequentially(SuiteRunner.java:363)
	at org.testng.SuiteRunner.privateRun(SuiteRunner.java:321)
	at org.testng.SuiteRunner.run(SuiteRunner.java:270)
	at org.testng.SuiteRunnerWorker.runSuite(SuiteRunnerWorker.java:52)
	at org.testng.SuiteRunnerWorker.run(SuiteRunnerWorker.java:86)
	at org.testng.TestNG.runSuitesSequentially(TestNG.java:1284)
	at org.testng.TestNG.runSuitesSequentially(TestNG.java:1280)
	at org.testng.TestNG.runSuitesLocally(TestNG.java:1209)
	at org.testng.TestNG.runSuites(TestNG.java:1124)
	at org.testng.TestNG.run(TestNG.java:1096)
	at org.testng.remote.AbstractRemoteTestNG.run(AbstractRemoteTestNG.java:132)
	at org.testng.remote.RemoteTestNG.initAndRun(RemoteTestNG.java:236)
	at org.testng.remote.RemoteTestNG.main(RemoteTestNG.java:81)
]]>
            </full-stacktrace>
          </exception> <!-- org.testng.SkipException -->
          <reporter-output>
          </reporter-output>
        </test-method> <!-- testBTest -->
        <test-method status="PASS" signature="initTest()[pri:0, instance:com.qtpselenium.hybrid.suitea.TestB@7085bdee]" name="initTest" is-config="true" duration-ms="0" started-at="2021-02-16T09:10:19Z" finished-at="2021-02-16T09:10:19Z">
          <reporter-output>
          </reporter-output>
        </test-method> <!-- initTest -->
        <test-method status="PASS" signature="quit()[pri:0, instance:com.qtpselenium.hybrid.suitea.TestB@7085bdee]" name="quit" is-config="true" duration-ms="88" started-at="2021-02-16T09:10:19Z" finished-at="2021-02-16T09:10:20Z">
          <reporter-output>
          </reporter-output>
        </test-method> <!-- quit -->
      </class> <!-- com.qtpselenium.hybrid.suitea.TestB -->
    </test> <!-- Test B -->
  </suite> <!-- Suite A -->
  <suite name="My suite" duration-ms="0" started-at="2021-02-16T14:10:20Z" finished-at="2021-02-16T14:10:20Z">
    <groups>
    </groups>
  </suite> <!-- My suite -->
</testng-results>
