<html xmlns:math="http://exslt.org/math" xmlns:testng="http://testng.org">
   <head>
      <title>TestNG Results</title>
      <meta http-equiv="content-type" content="text/html; charset=utf-8"></meta>
      <meta http-equiv="pragma" content="no-cache"></meta>
      <meta http-equiv="cache-control" content="max-age=0"></meta>
      <meta http-equiv="cache-control" content="no-cache"></meta>
      <meta http-equiv="cache-control" content="no-store"></meta>
      <LINK rel="stylesheet" href="style.css"></LINK>
      <script type="text/javascript" src="main.js"></script>
   </head>
   <body>
      <table width="100%" style="font-size: 16px; margin-bottom: 10px;" cellspacing="1">
         <tr>
            <td width="100%">
               All methods in suite
               
               <b>Suite A</b>
            </td>
            <td style="background-color: #FFBBBB; padding: 3px 3px 3px 0;" align="center">
               <div style="width: 50px;">0</div>
            </td>
            <td style="background-color: lightgreen; padding: 3px 3px 3px 0;" align="center">
               <div style="width: 50px;">0</div>
            </td>
            <td style="background-color: #FFFFBB; padding: 3px 3px 3px 0;" align="center">
               <div style="width: 50px;">3</div>
            </td>
            <td align="center" style="background-color: #eaf0f7; padding: 3px 3px 3px 0;">
               <div style="width: 50px;">3</div>
            </td>
            <td align="center"
                style="font-weight: bold; background-color: #eaf0f7; padding: 3px 3px 3px 0;">
               <div style="width: 50px;">0%</div>
            </td>
            <td style="background-color: #eaf0f7; padding: 3px 3px 3px 0;" align="center"
                nowrap="true">1s
               
            </td>
         </tr>
      </table>
      <div style="width: 200px;">
         <label for="groupMethodsCheckBox" style="font-weight: bold; margin: 0;">
            <input id="groupMethodsCheckBox" type="checkbox" onclick="switchTestMethodsView(this)"></input>
            Group by class
            
         </label>
         <br></br>
         <label for="methodsFilter_ALL" style="font-weight: bold; margin: 0;">
            <input id="methodsFilter_ALL" type="checkbox"
                   onclick="testMethodsFilterChanged(this, 'ALL')"></input>
            All
            
         </label>
      </div>
      <label for="methodsFilter_FAIL" style="margin-left: 20px;">
         <input id="methodsFilter_FAIL" type="checkbox"
                onclick="testMethodsFilterChanged(this, 'FAIL')"
                checked=""></input>
         Failed
         
      </label>
      <label for="methodsFilter_PASS">
         <input id="methodsFilter_PASS" type="checkbox"
                onclick="testMethodsFilterChanged(this, 'PASS')"
                checked=""></input>
         Passed
         
      </label>
      <label for="methodsFilter_SKIP">
         <input id="methodsFilter_SKIP" type="checkbox"
                onclick="testMethodsFilterChanged(this, 'SKIP')"
                checked=""></input>
         Skipped
         
      </label>
      <label for="methodsFilter_CONF">
         <input id="methodsFilter_CONF" type="checkbox"
                onclick="testMethodsFilterChanged(this, 'CONF')"></input>
         Config
         
      </label>
      <br></br>
      <div id="testMethodsByStatus">
         <table class="testMethodsTable" cellpadding="0" cellspacing="0">
            <tr class="methodsTableHeader">
               <td width="100%">Name</td>
               <td nowrap="true">Started</td>
               <td nowrap="true">Duration</td>
               <td>Exception</td>
            </tr>
            <tr id="com.qtpselenium.hybrid.portfoliosuite.PortfolioTest_init_byStatus_passed_PASS1_row"
                class="testMethodStatusPASS testMethodStatusCONF">
               <td width="100%" class="firstMethodCell">
                  <a onclick="toggleDetailsVisibility('com.qtpselenium.hybrid.portfoliosuite.PortfolioTest_init_byStatus_passed_PASS1_details')">init()</a>
               </td>
               <td nowrap="true">07:59:57</td>
               <td nowrap="true" align="right">644 ms
                  
               </td>
               <td nowrap="true">
                   
                  
               </td>
            </tr>
            <tr>
               <td colspan="4" class="detailsBox">
                  <div id="com.qtpselenium.hybrid.portfoliosuite.PortfolioTest_init_byStatus_passed_PASS1_details"
                       class="testMethodDetails">
                     <div>
                        <b>Name: </b>init
                     </div>
                     <div>
                        <b>Signature: </b>init()[pri:0, instance:com.qtpselenium.hybrid.portfoliosuite.PortfolioTest@f5f2bb7]
                     </div>
                     <div>
                        <b>Start time: </b>07:59:57
                     </div>
                     <div>
                        <b>End time: </b>07:59:57
                     </div>
                     <div>
                        <b>Duration: </b>644 ms
                        
                     </div>
                  </div>
               </td>
            </tr>
            <tr></tr>
            <tr id="com.qtpselenium.hybrid.portfoliosuite.PortfolioTest_initTest_byStatus_passed_PASS2_row"
                class="testMethodStatusPASS testMethodStatusCONF">
               <td width="100%" class="firstMethodCell">
                  <a onclick="toggleDetailsVisibility('com.qtpselenium.hybrid.portfoliosuite.PortfolioTest_initTest_byStatus_passed_PASS2_details')">initTest()</a>
               </td>
               <td nowrap="true">07:59:57</td>
               <td nowrap="true" align="right">165 ms
                  
               </td>
               <td nowrap="true">
                   
                  
               </td>
            </tr>
            <tr>
               <td colspan="4" class="detailsBox">
                  <div id="com.qtpselenium.hybrid.portfoliosuite.PortfolioTest_initTest_byStatus_passed_PASS2_details"
                       class="testMethodDetails">
                     <div>
                        <b>Name: </b>initTest
                     </div>
                     <div>
                        <b>Signature: </b>initTest()[pri:0, instance:com.qtpselenium.hybrid.portfoliosuite.PortfolioTest@f5f2bb7]
                     </div>
                     <div>
                        <b>Start time: </b>07:59:57
                     </div>
                     <div>
                        <b>End time: </b>07:59:57
                     </div>
                     <div>
                        <b>Duration: </b>165 ms
                        
                     </div>
                  </div>
               </td>
            </tr>
            <tr></tr>
            <tr id="com.qtpselenium.hybrid.portfoliosuite.PortfolioTest_quit_byStatus_passed_PASS3_row"
                class="testMethodStatusPASS testMethodStatusCONF">
               <td width="100%" class="firstMethodCell">
                  <a onclick="toggleDetailsVisibility('com.qtpselenium.hybrid.portfoliosuite.PortfolioTest_quit_byStatus_passed_PASS3_details')">quit()</a>
               </td>
               <td nowrap="true">07:59:57</td>
               <td nowrap="true" align="right">317 ms
                  
               </td>
               <td nowrap="true">
                   
                  
               </td>
            </tr>
            <tr>
               <td colspan="4" class="detailsBox">
                  <div id="com.qtpselenium.hybrid.portfoliosuite.PortfolioTest_quit_byStatus_passed_PASS3_details"
                       class="testMethodDetails">
                     <div>
                        <b>Name: </b>quit
                     </div>
                     <div>
                        <b>Signature: </b>quit()[pri:0, instance:com.qtpselenium.hybrid.portfoliosuite.PortfolioTest@f5f2bb7]
                     </div>
                     <div>
                        <b>Start time: </b>07:59:57
                     </div>
                     <div>
                        <b>End time: </b>07:59:58
                     </div>
                     <div>
                        <b>Duration: </b>317 ms
                        
                     </div>
                  </div>
               </td>
            </tr>
            <tr></tr>
            <tr id="com.qtpselenium.hybrid.portfoliosuite.PortfolioTest_initTest_byStatus_passed_PASS4_row"
                class="testMethodStatusPASS testMethodStatusCONF">
               <td width="100%" class="firstMethodCell">
                  <a onclick="toggleDetailsVisibility('com.qtpselenium.hybrid.portfoliosuite.PortfolioTest_initTest_byStatus_passed_PASS4_details')">initTest()</a>
               </td>
               <td nowrap="true">07:59:58</td>
               <td nowrap="true" align="right">0 ms
                  
               </td>
               <td nowrap="true">
                   
                  
               </td>
            </tr>
            <tr>
               <td colspan="4" class="detailsBox">
                  <div id="com.qtpselenium.hybrid.portfoliosuite.PortfolioTest_initTest_byStatus_passed_PASS4_details"
                       class="testMethodDetails">
                     <div>
                        <b>Name: </b>initTest
                     </div>
                     <div>
                        <b>Signature: </b>initTest()[pri:0, instance:com.qtpselenium.hybrid.portfoliosuite.PortfolioTest@f5f2bb7]
                     </div>
                     <div>
                        <b>Start time: </b>07:59:58
                     </div>
                     <div>
                        <b>End time: </b>07:59:58
                     </div>
                     <div>
                        <b>Duration: </b>0 ms
                        
                     </div>
                  </div>
               </td>
            </tr>
            <tr></tr>
            <tr id="com.qtpselenium.hybrid.portfoliosuite.PortfolioTest_quit_byStatus_passed_PASS5_row"
                class="testMethodStatusPASS testMethodStatusCONF">
               <td width="100%" class="firstMethodCell">
                  <a onclick="toggleDetailsVisibility('com.qtpselenium.hybrid.portfoliosuite.PortfolioTest_quit_byStatus_passed_PASS5_details')">quit()</a>
               </td>
               <td nowrap="true">07:59:58</td>
               <td nowrap="true" align="right">94 ms
                  
               </td>
               <td nowrap="true">
                   
                  
               </td>
            </tr>
            <tr>
               <td colspan="4" class="detailsBox">
                  <div id="com.qtpselenium.hybrid.portfoliosuite.PortfolioTest_quit_byStatus_passed_PASS5_details"
                       class="testMethodDetails">
                     <div>
                        <b>Name: </b>quit
                     </div>
                     <div>
                        <b>Signature: </b>quit()[pri:0, instance:com.qtpselenium.hybrid.portfoliosuite.PortfolioTest@f5f2bb7]
                     </div>
                     <div>
                        <b>Start time: </b>07:59:58
                     </div>
                     <div>
                        <b>End time: </b>07:59:58
                     </div>
                     <div>
                        <b>Duration: </b>94 ms
                        
                     </div>
                  </div>
               </td>
            </tr>
            <tr></tr>
            <tr id="com.qtpselenium.hybrid.portfoliosuite.PortfolioTest_initTest_byStatus_passed_PASS6_row"
                class="testMethodStatusPASS testMethodStatusCONF">
               <td width="100%" class="firstMethodCell">
                  <a onclick="toggleDetailsVisibility('com.qtpselenium.hybrid.portfoliosuite.PortfolioTest_initTest_byStatus_passed_PASS6_details')">initTest()</a>
               </td>
               <td nowrap="true">07:59:58</td>
               <td nowrap="true" align="right">1 ms
                  
               </td>
               <td nowrap="true">
                   
                  
               </td>
            </tr>
            <tr>
               <td colspan="4" class="detailsBox">
                  <div id="com.qtpselenium.hybrid.portfoliosuite.PortfolioTest_initTest_byStatus_passed_PASS6_details"
                       class="testMethodDetails">
                     <div>
                        <b>Name: </b>initTest
                     </div>
                     <div>
                        <b>Signature: </b>initTest()[pri:0, instance:com.qtpselenium.hybrid.portfoliosuite.PortfolioTest@f5f2bb7]
                     </div>
                     <div>
                        <b>Start time: </b>07:59:58
                     </div>
                     <div>
                        <b>End time: </b>07:59:58
                     </div>
                     <div>
                        <b>Duration: </b>1 ms
                        
                     </div>
                  </div>
               </td>
            </tr>
            <tr></tr>
            <tr id="com.qtpselenium.hybrid.portfoliosuite.PortfolioTest_quit_byStatus_passed_PASS7_row"
                class="testMethodStatusPASS testMethodStatusCONF">
               <td width="100%" class="firstMethodCell">
                  <a onclick="toggleDetailsVisibility('com.qtpselenium.hybrid.portfoliosuite.PortfolioTest_quit_byStatus_passed_PASS7_details')">quit()</a>
               </td>
               <td nowrap="true">07:59:58</td>
               <td nowrap="true" align="right">72 ms
                  
               </td>
               <td nowrap="true">
                   
                  
               </td>
            </tr>
            <tr>
               <td colspan="4" class="detailsBox">
                  <div id="com.qtpselenium.hybrid.portfoliosuite.PortfolioTest_quit_byStatus_passed_PASS7_details"
                       class="testMethodDetails">
                     <div>
                        <b>Name: </b>quit
                     </div>
                     <div>
                        <b>Signature: </b>quit()[pri:0, instance:com.qtpselenium.hybrid.portfoliosuite.PortfolioTest@f5f2bb7]
                     </div>
                     <div>
                        <b>Start time: </b>07:59:58
                     </div>
                     <div>
                        <b>End time: </b>07:59:58
                     </div>
                     <div>
                        <b>Duration: </b>72 ms
                        
                     </div>
                  </div>
               </td>
            </tr>
            <tr></tr>
            <tr id="com.qtpselenium.hybrid.portfoliosuite.PortfolioTest_createPortfolioTest_byStatus_skiped_SKIP1_row"
                class="testMethodStatusSKIP">
               <td width="100%" class="firstMethodCell">
                  <a onclick="toggleDetailsVisibility('com.qtpselenium.hybrid.portfoliosuite.PortfolioTest_createPortfolioTest_byStatus_skiped_SKIP1_details')">createPortfolioTest({PortfolioName=Abcd, Runmode=N, Browser=Chrome})</a>
               </td>
               <td nowrap="true">07:59:57</td>
               <td nowrap="true" align="right">8 ms
                  
               </td>
               <td nowrap="true">
                  <a onclick="toggleDetailsVisibility('com.qtpselenium.hybrid.portfoliosuite.PortfolioTest_createPortfolioTest_byStatus_skiped_SKIP1_exception')">org.testng.SkipException: 
                     Skippinng the test as runmode is N
                     
                  </a>
                   
                  
               </td>
            </tr>
            <tr>
               <td colspan="4" class="detailsBox">
                  <div id="com.qtpselenium.hybrid.portfoliosuite.PortfolioTest_createPortfolioTest_byStatus_skiped_SKIP1_details"
                       class="testMethodDetails">
                     <div>
                        <b>Name: </b>createPortfolioTest
                     </div>
                     <div>
                        <b>Signature: </b>createPortfolioTest(java.util.Hashtable)[pri:0, instance:com.qtpselenium.hybrid.portfoliosuite.PortfolioTest@f5f2bb7]
                     </div>
                     <div>
                        <b>Parameters: </b>
                        
                        {PortfolioName=Abcd, Runmode=N, Browser=Chrome}
                        
                        
                     </div>
                     <div>
                        <b>Start time: </b>07:59:57
                     </div>
                     <div>
                        <b>End time: </b>07:59:57
                     </div>
                     <div>
                        <b>Duration: </b>8 ms
                        
                     </div>
                  </div>
               </td>
            </tr>
            <tr>
               <td colspan="4" class="detailsBox">
                  <div id="com.qtpselenium.hybrid.portfoliosuite.PortfolioTest_createPortfolioTest_byStatus_skiped_SKIP1_exception"
                       class="testMethodDetails">
                     <pre style="padding: 5px; margin: 0;">org.testng.SkipException: Skippinng the test as runmode is N
                        	at com.qtpselenium.hybrid.portfoliosuite.PortfolioTest.createPortfolioTest(PortfolioTest.java:30)
                        	at sun.reflect.NativeMethodAccessorImpl.invoke0(Native Method)
                        	at sun.reflect.NativeMethodAccessorImpl.invoke(NativeMethodAccessorImpl.java:62)
                        	at sun.reflect.DelegatingMethodAccessorImpl.invoke(DelegatingMethodAccessorImpl.java:43)
                        	at java.lang.reflect.Method.invoke(Method.java:498)
                        	at org.testng.internal.MethodInvocationHelper.invokeMethod(MethodInvocationHelper.java:84)
                        	at org.testng.internal.Invoker.invokeMethod(Invoker.java:714)
                        	at org.testng.internal.Invoker.invokeTestMethod(Invoker.java:901)
                        	at org.testng.internal.Invoker.invokeTestMethods(Invoker.java:1231)
                        	at org.testng.internal.TestMethodWorker.invokeTestMethods(TestMethodWorker.java:127)
                        	at org.testng.internal.TestMethodWorker.run(TestMethodWorker.java:111)
                        	at org.testng.TestRunner.privateRun(TestRunner.java:767)
                        	at org.testng.TestRunner.run(TestRunner.java:617)
                        	at org.testng.SuiteRunner.runTest(SuiteRunner.java:334)
                        	at org.testng.SuiteRunner.runSequentially(SuiteRunner.java:329)
                        	at org.testng.SuiteRunner.privateRun(SuiteRunner.java:291)
                        	at org.testng.SuiteRunner.run(SuiteRunner.java:240)
                        	at org.testng.SuiteRunnerWorker.runSuite(SuiteRunnerWorker.java:52)
                        	at org.testng.SuiteRunnerWorker.run(SuiteRunnerWorker.java:86)
                        	at org.testng.TestNG.runSuitesSequentially(TestNG.java:1224)
                        	at org.testng.TestNG.runSuitesSequentially(TestNG.java:1220)
                        	at org.testng.TestNG.runSuitesLocally(TestNG.java:1149)
                        	at org.testng.TestNG.run(TestNG.java:1057)
                        	at org.testng.TestNG.privateMain(TestNG.java:1364)
                        	at org.testng.TestNG.main(TestNG.java:1333)
                     </pre>
                  </div>
               </td>
            </tr>
            <tr id="com.qtpselenium.hybrid.portfoliosuite.PortfolioTest_createPortfolioTest_byStatus_skiped_SKIP2_row"
                class="testMethodStatusSKIP">
               <td width="100%" class="firstMethodCell">
                  <a onclick="toggleDetailsVisibility('com.qtpselenium.hybrid.portfoliosuite.PortfolioTest_createPortfolioTest_byStatus_skiped_SKIP2_details')">createPortfolioTest({PortfolioName=SamplePort1411, Runmode=N, Browser=Mozilla})</a>
               </td>
               <td nowrap="true">07:59:58</td>
               <td nowrap="true" align="right">1 ms
                  
               </td>
               <td nowrap="true">
                  <a onclick="toggleDetailsVisibility('com.qtpselenium.hybrid.portfoliosuite.PortfolioTest_createPortfolioTest_byStatus_skiped_SKIP2_exception')">org.testng.SkipException: 
                     Skippinng the test as runmode is N
                     
                  </a>
                   
                  
               </td>
            </tr>
            <tr>
               <td colspan="4" class="detailsBox">
                  <div id="com.qtpselenium.hybrid.portfoliosuite.PortfolioTest_createPortfolioTest_byStatus_skiped_SKIP2_details"
                       class="testMethodDetails">
                     <div>
                        <b>Name: </b>createPortfolioTest
                     </div>
                     <div>
                        <b>Signature: </b>createPortfolioTest(java.util.Hashtable)[pri:0, instance:com.qtpselenium.hybrid.portfoliosuite.PortfolioTest@f5f2bb7]
                     </div>
                     <div>
                        <b>Parameters: </b>
                        
                        {PortfolioName=SamplePort1411, Runmode=N, Browser=Mozilla}
                        
                        
                     </div>
                     <div>
                        <b>Start time: </b>07:59:58
                     </div>
                     <div>
                        <b>End time: </b>07:59:58
                     </div>
                     <div>
                        <b>Duration: </b>1 ms
                        
                     </div>
                  </div>
               </td>
            </tr>
            <tr>
               <td colspan="4" class="detailsBox">
                  <div id="com.qtpselenium.hybrid.portfoliosuite.PortfolioTest_createPortfolioTest_byStatus_skiped_SKIP2_exception"
                       class="testMethodDetails">
                     <pre style="padding: 5px; margin: 0;">org.testng.SkipException: Skippinng the test as runmode is N
                        	at com.qtpselenium.hybrid.portfoliosuite.PortfolioTest.createPortfolioTest(PortfolioTest.java:30)
                        	at sun.reflect.NativeMethodAccessorImpl.invoke0(Native Method)
                        	at sun.reflect.NativeMethodAccessorImpl.invoke(NativeMethodAccessorImpl.java:62)
                        	at sun.reflect.DelegatingMethodAccessorImpl.invoke(DelegatingMethodAccessorImpl.java:43)
                        	at java.lang.reflect.Method.invoke(Method.java:498)
                        	at org.testng.internal.MethodInvocationHelper.invokeMethod(MethodInvocationHelper.java:84)
                        	at org.testng.internal.Invoker.invokeMethod(Invoker.java:714)
                        	at org.testng.internal.Invoker.invokeTestMethod(Invoker.java:901)
                        	at org.testng.internal.Invoker.invokeTestMethods(Invoker.java:1231)
                        	at org.testng.internal.TestMethodWorker.invokeTestMethods(TestMethodWorker.java:127)
                        	at org.testng.internal.TestMethodWorker.run(TestMethodWorker.java:111)
                        	at org.testng.TestRunner.privateRun(TestRunner.java:767)
                        	at org.testng.TestRunner.run(TestRunner.java:617)
                        	at org.testng.SuiteRunner.runTest(SuiteRunner.java:334)
                        	at org.testng.SuiteRunner.runSequentially(SuiteRunner.java:329)
                        	at org.testng.SuiteRunner.privateRun(SuiteRunner.java:291)
                        	at org.testng.SuiteRunner.run(SuiteRunner.java:240)
                        	at org.testng.SuiteRunnerWorker.runSuite(SuiteRunnerWorker.java:52)
                        	at org.testng.SuiteRunnerWorker.run(SuiteRunnerWorker.java:86)
                        	at org.testng.TestNG.runSuitesSequentially(TestNG.java:1224)
                        	at org.testng.TestNG.runSuitesSequentially(TestNG.java:1220)
                        	at org.testng.TestNG.runSuitesLocally(TestNG.java:1149)
                        	at org.testng.TestNG.run(TestNG.java:1057)
                        	at org.testng.TestNG.privateMain(TestNG.java:1364)
                        	at org.testng.TestNG.main(TestNG.java:1333)
                     </pre>
                  </div>
               </td>
            </tr>
            <tr id="com.qtpselenium.hybrid.portfoliosuite.PortfolioTest_deletePortfolioTest_byStatus_skiped_SKIP3_row"
                class="testMethodStatusSKIP">
               <td width="100%" class="firstMethodCell">
                  <a onclick="toggleDetailsVisibility('com.qtpselenium.hybrid.portfoliosuite.PortfolioTest_deletePortfolioTest_byStatus_skiped_SKIP3_details')">deletePortfolioTest({PortfolioName=SamplePort14, Runmode=Y, Browser=Chrome})</a>
               </td>
               <td nowrap="true">07:59:58</td>
               <td nowrap="true" align="right">1 ms
                  
               </td>
               <td nowrap="true">
                  <a onclick="toggleDetailsVisibility('com.qtpselenium.hybrid.portfoliosuite.PortfolioTest_deletePortfolioTest_byStatus_skiped_SKIP3_exception')">org.testng.SkipException: 
                     Runmode is set to NO
                     
                  </a>
                   
                  
               </td>
            </tr>
            <tr>
               <td colspan="4" class="detailsBox">
                  <div id="com.qtpselenium.hybrid.portfoliosuite.PortfolioTest_deletePortfolioTest_byStatus_skiped_SKIP3_details"
                       class="testMethodDetails">
                     <div>
                        <b>Name: </b>deletePortfolioTest
                     </div>
                     <div>
                        <b>Signature: </b>deletePortfolioTest(java.util.Hashtable)[pri:0, instance:com.qtpselenium.hybrid.portfoliosuite.PortfolioTest@f5f2bb7]
                     </div>
                     <div>
                        <b>Parameters: </b>
                        
                        {PortfolioName=SamplePort14, Runmode=Y, Browser=Chrome}
                        
                        
                     </div>
                     <div>
                        <b>Start time: </b>07:59:58
                     </div>
                     <div>
                        <b>End time: </b>07:59:58
                     </div>
                     <div>
                        <b>Duration: </b>1 ms
                        
                     </div>
                  </div>
               </td>
            </tr>
            <tr>
               <td colspan="4" class="detailsBox">
                  <div id="com.qtpselenium.hybrid.portfoliosuite.PortfolioTest_deletePortfolioTest_byStatus_skiped_SKIP3_exception"
                       class="testMethodDetails">
                     <pre style="padding: 5px; margin: 0;">org.testng.SkipException: Runmode is set to NO
                        	at com.qtpselenium.hybrid.portfoliosuite.PortfolioTest.deletePortfolioTest(PortfolioTest.java:47)
                        	at sun.reflect.NativeMethodAccessorImpl.invoke0(Native Method)
                        	at sun.reflect.NativeMethodAccessorImpl.invoke(NativeMethodAccessorImpl.java:62)
                        	at sun.reflect.DelegatingMethodAccessorImpl.invoke(DelegatingMethodAccessorImpl.java:43)
                        	at java.lang.reflect.Method.invoke(Method.java:498)
                        	at org.testng.internal.MethodInvocationHelper.invokeMethod(MethodInvocationHelper.java:84)
                        	at org.testng.internal.Invoker.invokeMethod(Invoker.java:714)
                        	at org.testng.internal.Invoker.invokeTestMethod(Invoker.java:901)
                        	at org.testng.internal.Invoker.invokeTestMethods(Invoker.java:1231)
                        	at org.testng.internal.TestMethodWorker.invokeTestMethods(TestMethodWorker.java:127)
                        	at org.testng.internal.TestMethodWorker.run(TestMethodWorker.java:111)
                        	at org.testng.TestRunner.privateRun(TestRunner.java:767)
                        	at org.testng.TestRunner.run(TestRunner.java:617)
                        	at org.testng.SuiteRunner.runTest(SuiteRunner.java:334)
                        	at org.testng.SuiteRunner.runSequentially(SuiteRunner.java:329)
                        	at org.testng.SuiteRunner.privateRun(SuiteRunner.java:291)
                        	at org.testng.SuiteRunner.run(SuiteRunner.java:240)
                        	at org.testng.SuiteRunnerWorker.runSuite(SuiteRunnerWorker.java:52)
                        	at org.testng.SuiteRunnerWorker.run(SuiteRunnerWorker.java:86)
                        	at org.testng.TestNG.runSuitesSequentially(TestNG.java:1224)
                        	at org.testng.TestNG.runSuitesSequentially(TestNG.java:1220)
                        	at org.testng.TestNG.runSuitesLocally(TestNG.java:1149)
                        	at org.testng.TestNG.run(TestNG.java:1057)
                        	at org.testng.TestNG.privateMain(TestNG.java:1364)
                        	at org.testng.TestNG.main(TestNG.java:1333)
                     </pre>
                  </div>
               </td>
            </tr>
         </table>
      </div>
      <div id="testMethodsByClass" style="display: none;">
         <table class="testMethodsTable" cellpadding="0" cellspacing="0">
            <tr>
               <td colspan="4">
                  <h3 style="display: inline;">com.qtpselenium.hybrid.portfoliosuite.PortfolioTest</h3>
               </td>
            </tr>
            <tr class="methodsTableHeader">
               <td width="100%">Name</td>
               <td nowrap="true">Started</td>
               <td nowrap="true">Duration</td>
               <td>Exception</td>
            </tr>
            <tr id="com.qtpselenium.hybrid.portfoliosuite.PortfolioTest_init_byClass_PASS1_row"
                class="testMethodStatusPASS testMethodStatusCONF">
               <td width="100%" class="firstMethodCell">
                  <a onclick="toggleDetailsVisibility('com.qtpselenium.hybrid.portfoliosuite.PortfolioTest_init_byClass_PASS1_details')">init()</a>
               </td>
               <td nowrap="true">07:59:57</td>
               <td nowrap="true" align="right">644 ms
                  
               </td>
               <td nowrap="true">
                   
                  
               </td>
            </tr>
            <tr>
               <td colspan="4" class="detailsBox">
                  <div id="com.qtpselenium.hybrid.portfoliosuite.PortfolioTest_init_byClass_PASS1_details"
                       class="testMethodDetails">
                     <div>
                        <b>Name: </b>init
                     </div>
                     <div>
                        <b>Signature: </b>init()[pri:0, instance:com.qtpselenium.hybrid.portfoliosuite.PortfolioTest@f5f2bb7]
                     </div>
                     <div>
                        <b>Start time: </b>07:59:57
                     </div>
                     <div>
                        <b>End time: </b>07:59:57
                     </div>
                     <div>
                        <b>Duration: </b>644 ms
                        
                     </div>
                  </div>
               </td>
            </tr>
            <tr></tr>
            <tr id="com.qtpselenium.hybrid.portfoliosuite.PortfolioTest_initTest_byClass_PASS2_row"
                class="testMethodStatusPASS testMethodStatusCONF">
               <td width="100%" class="firstMethodCell">
                  <a onclick="toggleDetailsVisibility('com.qtpselenium.hybrid.portfoliosuite.PortfolioTest_initTest_byClass_PASS2_details')">initTest()</a>
               </td>
               <td nowrap="true">07:59:57</td>
               <td nowrap="true" align="right">165 ms
                  
               </td>
               <td nowrap="true">
                   
                  
               </td>
            </tr>
            <tr>
               <td colspan="4" class="detailsBox">
                  <div id="com.qtpselenium.hybrid.portfoliosuite.PortfolioTest_initTest_byClass_PASS2_details"
                       class="testMethodDetails">
                     <div>
                        <b>Name: </b>initTest
                     </div>
                     <div>
                        <b>Signature: </b>initTest()[pri:0, instance:com.qtpselenium.hybrid.portfoliosuite.PortfolioTest@f5f2bb7]
                     </div>
                     <div>
                        <b>Start time: </b>07:59:57
                     </div>
                     <div>
                        <b>End time: </b>07:59:57
                     </div>
                     <div>
                        <b>Duration: </b>165 ms
                        
                     </div>
                  </div>
               </td>
            </tr>
            <tr></tr>
            <tr id="com.qtpselenium.hybrid.portfoliosuite.PortfolioTest_createPortfolioTest_byClass_SKIP3_row"
                class="testMethodStatusSKIP">
               <td width="100%" class="firstMethodCell">
                  <a onclick="toggleDetailsVisibility('com.qtpselenium.hybrid.portfoliosuite.PortfolioTest_createPortfolioTest_byClass_SKIP3_details')">createPortfolioTest({PortfolioName=Abcd, Runmode=N, Browser=Chrome})</a>
               </td>
               <td nowrap="true">07:59:57</td>
               <td nowrap="true" align="right">8 ms
                  
               </td>
               <td nowrap="true">
                  <a onclick="toggleDetailsVisibility('com.qtpselenium.hybrid.portfoliosuite.PortfolioTest_createPortfolioTest_byClass_SKIP3_exception')">org.testng.SkipException: 
                     Skippinng the test as runmode is N
                     
                  </a>
                   
                  
               </td>
            </tr>
            <tr>
               <td colspan="4" class="detailsBox">
                  <div id="com.qtpselenium.hybrid.portfoliosuite.PortfolioTest_createPortfolioTest_byClass_SKIP3_details"
                       class="testMethodDetails">
                     <div>
                        <b>Name: </b>createPortfolioTest
                     </div>
                     <div>
                        <b>Signature: </b>createPortfolioTest(java.util.Hashtable)[pri:0, instance:com.qtpselenium.hybrid.portfoliosuite.PortfolioTest@f5f2bb7]
                     </div>
                     <div>
                        <b>Parameters: </b>
                        
                        {PortfolioName=Abcd, Runmode=N, Browser=Chrome}
                        
                        
                     </div>
                     <div>
                        <b>Start time: </b>07:59:57
                     </div>
                     <div>
                        <b>End time: </b>07:59:57
                     </div>
                     <div>
                        <b>Duration: </b>8 ms
                        
                     </div>
                  </div>
               </td>
            </tr>
            <tr>
               <td colspan="4" class="detailsBox">
                  <div id="com.qtpselenium.hybrid.portfoliosuite.PortfolioTest_createPortfolioTest_byClass_SKIP3_exception"
                       class="testMethodDetails">
                     <pre style="padding: 5px; margin: 0;">org.testng.SkipException: Skippinng the test as runmode is N
                        	at com.qtpselenium.hybrid.portfoliosuite.PortfolioTest.createPortfolioTest(PortfolioTest.java:30)
                        	at sun.reflect.NativeMethodAccessorImpl.invoke0(Native Method)
                        	at sun.reflect.NativeMethodAccessorImpl.invoke(NativeMethodAccessorImpl.java:62)
                        	at sun.reflect.DelegatingMethodAccessorImpl.invoke(DelegatingMethodAccessorImpl.java:43)
                        	at java.lang.reflect.Method.invoke(Method.java:498)
                        	at org.testng.internal.MethodInvocationHelper.invokeMethod(MethodInvocationHelper.java:84)
                        	at org.testng.internal.Invoker.invokeMethod(Invoker.java:714)
                        	at org.testng.internal.Invoker.invokeTestMethod(Invoker.java:901)
                        	at org.testng.internal.Invoker.invokeTestMethods(Invoker.java:1231)
                        	at org.testng.internal.TestMethodWorker.invokeTestMethods(TestMethodWorker.java:127)
                        	at org.testng.internal.TestMethodWorker.run(TestMethodWorker.java:111)
                        	at org.testng.TestRunner.privateRun(TestRunner.java:767)
                        	at org.testng.TestRunner.run(TestRunner.java:617)
                        	at org.testng.SuiteRunner.runTest(SuiteRunner.java:334)
                        	at org.testng.SuiteRunner.runSequentially(SuiteRunner.java:329)
                        	at org.testng.SuiteRunner.privateRun(SuiteRunner.java:291)
                        	at org.testng.SuiteRunner.run(SuiteRunner.java:240)
                        	at org.testng.SuiteRunnerWorker.runSuite(SuiteRunnerWorker.java:52)
                        	at org.testng.SuiteRunnerWorker.run(SuiteRunnerWorker.java:86)
                        	at org.testng.TestNG.runSuitesSequentially(TestNG.java:1224)
                        	at org.testng.TestNG.runSuitesSequentially(TestNG.java:1220)
                        	at org.testng.TestNG.runSuitesLocally(TestNG.java:1149)
                        	at org.testng.TestNG.run(TestNG.java:1057)
                        	at org.testng.TestNG.privateMain(TestNG.java:1364)
                        	at org.testng.TestNG.main(TestNG.java:1333)
                     </pre>
                  </div>
               </td>
            </tr>
            <tr id="com.qtpselenium.hybrid.portfoliosuite.PortfolioTest_quit_byClass_PASS4_row"
                class="testMethodStatusPASS testMethodStatusCONF">
               <td width="100%" class="firstMethodCell">
                  <a onclick="toggleDetailsVisibility('com.qtpselenium.hybrid.portfoliosuite.PortfolioTest_quit_byClass_PASS4_details')">quit()</a>
               </td>
               <td nowrap="true">07:59:57</td>
               <td nowrap="true" align="right">317 ms
                  
               </td>
               <td nowrap="true">
                   
                  
               </td>
            </tr>
            <tr>
               <td colspan="4" class="detailsBox">
                  <div id="com.qtpselenium.hybrid.portfoliosuite.PortfolioTest_quit_byClass_PASS4_details"
                       class="testMethodDetails">
                     <div>
                        <b>Name: </b>quit
                     </div>
                     <div>
                        <b>Signature: </b>quit()[pri:0, instance:com.qtpselenium.hybrid.portfoliosuite.PortfolioTest@f5f2bb7]
                     </div>
                     <div>
                        <b>Start time: </b>07:59:57
                     </div>
                     <div>
                        <b>End time: </b>07:59:58
                     </div>
                     <div>
                        <b>Duration: </b>317 ms
                        
                     </div>
                  </div>
               </td>
            </tr>
            <tr></tr>
            <tr id="com.qtpselenium.hybrid.portfoliosuite.PortfolioTest_initTest_byClass_PASS5_row"
                class="testMethodStatusPASS testMethodStatusCONF">
               <td width="100%" class="firstMethodCell">
                  <a onclick="toggleDetailsVisibility('com.qtpselenium.hybrid.portfoliosuite.PortfolioTest_initTest_byClass_PASS5_details')">initTest()</a>
               </td>
               <td nowrap="true">07:59:58</td>
               <td nowrap="true" align="right">0 ms
                  
               </td>
               <td nowrap="true">
                   
                  
               </td>
            </tr>
            <tr>
               <td colspan="4" class="detailsBox">
                  <div id="com.qtpselenium.hybrid.portfoliosuite.PortfolioTest_initTest_byClass_PASS5_details"
                       class="testMethodDetails">
                     <div>
                        <b>Name: </b>initTest
                     </div>
                     <div>
                        <b>Signature: </b>initTest()[pri:0, instance:com.qtpselenium.hybrid.portfoliosuite.PortfolioTest@f5f2bb7]
                     </div>
                     <div>
                        <b>Start time: </b>07:59:58
                     </div>
                     <div>
                        <b>End time: </b>07:59:58
                     </div>
                     <div>
                        <b>Duration: </b>0 ms
                        
                     </div>
                  </div>
               </td>
            </tr>
            <tr></tr>
            <tr id="com.qtpselenium.hybrid.portfoliosuite.PortfolioTest_createPortfolioTest_byClass_SKIP6_row"
                class="testMethodStatusSKIP">
               <td width="100%" class="firstMethodCell">
                  <a onclick="toggleDetailsVisibility('com.qtpselenium.hybrid.portfoliosuite.PortfolioTest_createPortfolioTest_byClass_SKIP6_details')">createPortfolioTest({PortfolioName=SamplePort1411, Runmode=N, Browser=Mozilla})</a>
               </td>
               <td nowrap="true">07:59:58</td>
               <td nowrap="true" align="right">1 ms
                  
               </td>
               <td nowrap="true">
                  <a onclick="toggleDetailsVisibility('com.qtpselenium.hybrid.portfoliosuite.PortfolioTest_createPortfolioTest_byClass_SKIP6_exception')">org.testng.SkipException: 
                     Skippinng the test as runmode is N
                     
                  </a>
                   
                  
               </td>
            </tr>
            <tr>
               <td colspan="4" class="detailsBox">
                  <div id="com.qtpselenium.hybrid.portfoliosuite.PortfolioTest_createPortfolioTest_byClass_SKIP6_details"
                       class="testMethodDetails">
                     <div>
                        <b>Name: </b>createPortfolioTest
                     </div>
                     <div>
                        <b>Signature: </b>createPortfolioTest(java.util.Hashtable)[pri:0, instance:com.qtpselenium.hybrid.portfoliosuite.PortfolioTest@f5f2bb7]
                     </div>
                     <div>
                        <b>Parameters: </b>
                        
                        {PortfolioName=SamplePort1411, Runmode=N, Browser=Mozilla}
                        
                        
                     </div>
                     <div>
                        <b>Start time: </b>07:59:58
                     </div>
                     <div>
                        <b>End time: </b>07:59:58
                     </div>
                     <div>
                        <b>Duration: </b>1 ms
                        
                     </div>
                  </div>
               </td>
            </tr>
            <tr>
               <td colspan="4" class="detailsBox">
                  <div id="com.qtpselenium.hybrid.portfoliosuite.PortfolioTest_createPortfolioTest_byClass_SKIP6_exception"
                       class="testMethodDetails">
                     <pre style="padding: 5px; margin: 0;">org.testng.SkipException: Skippinng the test as runmode is N
                        	at com.qtpselenium.hybrid.portfoliosuite.PortfolioTest.createPortfolioTest(PortfolioTest.java:30)
                        	at sun.reflect.NativeMethodAccessorImpl.invoke0(Native Method)
                        	at sun.reflect.NativeMethodAccessorImpl.invoke(NativeMethodAccessorImpl.java:62)
                        	at sun.reflect.DelegatingMethodAccessorImpl.invoke(DelegatingMethodAccessorImpl.java:43)
                        	at java.lang.reflect.Method.invoke(Method.java:498)
                        	at org.testng.internal.MethodInvocationHelper.invokeMethod(MethodInvocationHelper.java:84)
                        	at org.testng.internal.Invoker.invokeMethod(Invoker.java:714)
                        	at org.testng.internal.Invoker.invokeTestMethod(Invoker.java:901)
                        	at org.testng.internal.Invoker.invokeTestMethods(Invoker.java:1231)
                        	at org.testng.internal.TestMethodWorker.invokeTestMethods(TestMethodWorker.java:127)
                        	at org.testng.internal.TestMethodWorker.run(TestMethodWorker.java:111)
                        	at org.testng.TestRunner.privateRun(TestRunner.java:767)
                        	at org.testng.TestRunner.run(TestRunner.java:617)
                        	at org.testng.SuiteRunner.runTest(SuiteRunner.java:334)
                        	at org.testng.SuiteRunner.runSequentially(SuiteRunner.java:329)
                        	at org.testng.SuiteRunner.privateRun(SuiteRunner.java:291)
                        	at org.testng.SuiteRunner.run(SuiteRunner.java:240)
                        	at org.testng.SuiteRunnerWorker.runSuite(SuiteRunnerWorker.java:52)
                        	at org.testng.SuiteRunnerWorker.run(SuiteRunnerWorker.java:86)
                        	at org.testng.TestNG.runSuitesSequentially(TestNG.java:1224)
                        	at org.testng.TestNG.runSuitesSequentially(TestNG.java:1220)
                        	at org.testng.TestNG.runSuitesLocally(TestNG.java:1149)
                        	at org.testng.TestNG.run(TestNG.java:1057)
                        	at org.testng.TestNG.privateMain(TestNG.java:1364)
                        	at org.testng.TestNG.main(TestNG.java:1333)
                     </pre>
                  </div>
               </td>
            </tr>
            <tr id="com.qtpselenium.hybrid.portfoliosuite.PortfolioTest_quit_byClass_PASS7_row"
                class="testMethodStatusPASS testMethodStatusCONF">
               <td width="100%" class="firstMethodCell">
                  <a onclick="toggleDetailsVisibility('com.qtpselenium.hybrid.portfoliosuite.PortfolioTest_quit_byClass_PASS7_details')">quit()</a>
               </td>
               <td nowrap="true">07:59:58</td>
               <td nowrap="true" align="right">94 ms
                  
               </td>
               <td nowrap="true">
                   
                  
               </td>
            </tr>
            <tr>
               <td colspan="4" class="detailsBox">
                  <div id="com.qtpselenium.hybrid.portfoliosuite.PortfolioTest_quit_byClass_PASS7_details"
                       class="testMethodDetails">
                     <div>
                        <b>Name: </b>quit
                     </div>
                     <div>
                        <b>Signature: </b>quit()[pri:0, instance:com.qtpselenium.hybrid.portfoliosuite.PortfolioTest@f5f2bb7]
                     </div>
                     <div>
                        <b>Start time: </b>07:59:58
                     </div>
                     <div>
                        <b>End time: </b>07:59:58
                     </div>
                     <div>
                        <b>Duration: </b>94 ms
                        
                     </div>
                  </div>
               </td>
            </tr>
            <tr></tr>
            <tr id="com.qtpselenium.hybrid.portfoliosuite.PortfolioTest_initTest_byClass_PASS8_row"
                class="testMethodStatusPASS testMethodStatusCONF">
               <td width="100%" class="firstMethodCell">
                  <a onclick="toggleDetailsVisibility('com.qtpselenium.hybrid.portfoliosuite.PortfolioTest_initTest_byClass_PASS8_details')">initTest()</a>
               </td>
               <td nowrap="true">07:59:58</td>
               <td nowrap="true" align="right">1 ms
                  
               </td>
               <td nowrap="true">
                   
                  
               </td>
            </tr>
            <tr>
               <td colspan="4" class="detailsBox">
                  <div id="com.qtpselenium.hybrid.portfoliosuite.PortfolioTest_initTest_byClass_PASS8_details"
                       class="testMethodDetails">
                     <div>
                        <b>Name: </b>initTest
                     </div>
                     <div>
                        <b>Signature: </b>initTest()[pri:0, instance:com.qtpselenium.hybrid.portfoliosuite.PortfolioTest@f5f2bb7]
                     </div>
                     <div>
                        <b>Start time: </b>07:59:58
                     </div>
                     <div>
                        <b>End time: </b>07:59:58
                     </div>
                     <div>
                        <b>Duration: </b>1 ms
                        
                     </div>
                  </div>
               </td>
            </tr>
            <tr></tr>
            <tr id="com.qtpselenium.hybrid.portfoliosuite.PortfolioTest_deletePortfolioTest_byClass_SKIP9_row"
                class="testMethodStatusSKIP">
               <td width="100%" class="firstMethodCell">
                  <a onclick="toggleDetailsVisibility('com.qtpselenium.hybrid.portfoliosuite.PortfolioTest_deletePortfolioTest_byClass_SKIP9_details')">deletePortfolioTest({PortfolioName=SamplePort14, Runmode=Y, Browser=Chrome})</a>
               </td>
               <td nowrap="true">07:59:58</td>
               <td nowrap="true" align="right">1 ms
                  
               </td>
               <td nowrap="true">
                  <a onclick="toggleDetailsVisibility('com.qtpselenium.hybrid.portfoliosuite.PortfolioTest_deletePortfolioTest_byClass_SKIP9_exception')">org.testng.SkipException: 
                     Runmode is set to NO
                     
                  </a>
                   
                  
               </td>
            </tr>
            <tr>
               <td colspan="4" class="detailsBox">
                  <div id="com.qtpselenium.hybrid.portfoliosuite.PortfolioTest_deletePortfolioTest_byClass_SKIP9_details"
                       class="testMethodDetails">
                     <div>
                        <b>Name: </b>deletePortfolioTest
                     </div>
                     <div>
                        <b>Signature: </b>deletePortfolioTest(java.util.Hashtable)[pri:0, instance:com.qtpselenium.hybrid.portfoliosuite.PortfolioTest@f5f2bb7]
                     </div>
                     <div>
                        <b>Parameters: </b>
                        
                        {PortfolioName=SamplePort14, Runmode=Y, Browser=Chrome}
                        
                        
                     </div>
                     <div>
                        <b>Start time: </b>07:59:58
                     </div>
                     <div>
                        <b>End time: </b>07:59:58
                     </div>
                     <div>
                        <b>Duration: </b>1 ms
                        
                     </div>
                  </div>
               </td>
            </tr>
            <tr>
               <td colspan="4" class="detailsBox">
                  <div id="com.qtpselenium.hybrid.portfoliosuite.PortfolioTest_deletePortfolioTest_byClass_SKIP9_exception"
                       class="testMethodDetails">
                     <pre style="padding: 5px; margin: 0;">org.testng.SkipException: Runmode is set to NO
                        	at com.qtpselenium.hybrid.portfoliosuite.PortfolioTest.deletePortfolioTest(PortfolioTest.java:47)
                        	at sun.reflect.NativeMethodAccessorImpl.invoke0(Native Method)
                        	at sun.reflect.NativeMethodAccessorImpl.invoke(NativeMethodAccessorImpl.java:62)
                        	at sun.reflect.DelegatingMethodAccessorImpl.invoke(DelegatingMethodAccessorImpl.java:43)
                        	at java.lang.reflect.Method.invoke(Method.java:498)
                        	at org.testng.internal.MethodInvocationHelper.invokeMethod(MethodInvocationHelper.java:84)
                        	at org.testng.internal.Invoker.invokeMethod(Invoker.java:714)
                        	at org.testng.internal.Invoker.invokeTestMethod(Invoker.java:901)
                        	at org.testng.internal.Invoker.invokeTestMethods(Invoker.java:1231)
                        	at org.testng.internal.TestMethodWorker.invokeTestMethods(TestMethodWorker.java:127)
                        	at org.testng.internal.TestMethodWorker.run(TestMethodWorker.java:111)
                        	at org.testng.TestRunner.privateRun(TestRunner.java:767)
                        	at org.testng.TestRunner.run(TestRunner.java:617)
                        	at org.testng.SuiteRunner.runTest(SuiteRunner.java:334)
                        	at org.testng.SuiteRunner.runSequentially(SuiteRunner.java:329)
                        	at org.testng.SuiteRunner.privateRun(SuiteRunner.java:291)
                        	at org.testng.SuiteRunner.run(SuiteRunner.java:240)
                        	at org.testng.SuiteRunnerWorker.runSuite(SuiteRunnerWorker.java:52)
                        	at org.testng.SuiteRunnerWorker.run(SuiteRunnerWorker.java:86)
                        	at org.testng.TestNG.runSuitesSequentially(TestNG.java:1224)
                        	at org.testng.TestNG.runSuitesSequentially(TestNG.java:1220)
                        	at org.testng.TestNG.runSuitesLocally(TestNG.java:1149)
                        	at org.testng.TestNG.run(TestNG.java:1057)
                        	at org.testng.TestNG.privateMain(TestNG.java:1364)
                        	at org.testng.TestNG.main(TestNG.java:1333)
                     </pre>
                  </div>
               </td>
            </tr>
            <tr id="com.qtpselenium.hybrid.portfoliosuite.PortfolioTest_quit_byClass_PASS10_row"
                class="testMethodStatusPASS testMethodStatusCONF">
               <td width="100%" class="firstMethodCell">
                  <a onclick="toggleDetailsVisibility('com.qtpselenium.hybrid.portfoliosuite.PortfolioTest_quit_byClass_PASS10_details')">quit()</a>
               </td>
               <td nowrap="true">07:59:58</td>
               <td nowrap="true" align="right">72 ms
                  
               </td>
               <td nowrap="true">
                   
                  
               </td>
            </tr>
            <tr>
               <td colspan="4" class="detailsBox">
                  <div id="com.qtpselenium.hybrid.portfoliosuite.PortfolioTest_quit_byClass_PASS10_details"
                       class="testMethodDetails">
                     <div>
                        <b>Name: </b>quit
                     </div>
                     <div>
                        <b>Signature: </b>quit()[pri:0, instance:com.qtpselenium.hybrid.portfoliosuite.PortfolioTest@f5f2bb7]
                     </div>
                     <div>
                        <b>Start time: </b>07:59:58
                     </div>
                     <div>
                        <b>End time: </b>07:59:58
                     </div>
                     <div>
                        <b>Duration: </b>72 ms
                        
                     </div>
                  </div>
               </td>
            </tr>
            <tr></tr>
         </table>
         <br></br>
      </div>
      <div style="margin-top: 15px; color: gray; text-align: center; font-size: 9px;">
         Generated with
         
         <a href="http://code.google.com/p/testng-xslt/" style="color: #8888aa;"
            target="_blank">
            TestNG XSLT
            
         </a>
      </div>
   </body>
</html>