<!DOCTYPE html PUBLIC "-//W3C//DTD XHTML 1.1//EN" "http://www.w3.org/TR/xhtml11/DTD/xhtml11.dtd">
<html xmlns="http://www.w3.org/1999/xhtml"><head><title>TestNG Report</title><style type="text/css">table {margin-bottom:10px;border-collapse:collapse;empty-cells:show}th,td {border:1px solid #009;padding:.25em .5em}th {vertical-align:bottom}td {vertical-align:top}table a {font-weight:bold}.stripe td {background-color: #E6EBF9}.num {text-align:right}.passedodd td {background-color: #3F3}.passedeven td {background-color: #0A0}.skippedodd td {background-color: #DDD}.skippedeven td {background-color: #CCC}.failedodd td,.attn {background-color: #F33}.failedeven td,.stripe .attn {background-color: #D00}.stacktrace {white-space:pre;font-family:monospace}.totop {font-size:85%;text-align:center;border-bottom:2px solid #000}</style></head><body><table><tr><th>Test</th><th># Passed</th><th># Skipped</th><th># Failed</th><th>Time (ms)</th><th>Included Groups</th><th>Excluded Groups</th></tr><tr><th colspan="7">DataDrivenFramework</th></tr><tr><td><a href="#t0">LeadsTest</a></td><td class="num">1</td><td class="num attn">5</td><td class="num">0</td><td class="num">2,385</td><td></td><td></td></tr><tr class="stripe"><td><a href="#t1">LoginTest</a></td><td class="num">0</td><td class="num attn">1</td><td class="num attn">1</td><td class="num">121,726</td><td></td><td></td></tr><tr><th>Total</th><th class="num">1</th><th class="num attn">6</th><th class="num attn">1</th><th class="num">124,111</th><th colspan="2"></th></tr></table><table><thead><tr><th>Class</th><th>Method</th><th>Start</th><th>Time (ms)</th></tr></thead><tbody><tr><th colspan="4">DataDrivenFramework</th></tr></tbody><tbody id="t0"><tr><th colspan="4">LeadsTest &#8212; skipped</th></tr><tr class="skippedeven"><td rowspan="5">com.qtpselenium.core.ddf.zohotestcases.LeadsTest</td><td><a href="#m0">createLeadTest</a></td><td rowspan="4">1612534745728</td><td rowspan="4">35</td></tr><tr class="skippedeven"><td><a href="#m1">createLeadTest</a></td></tr><tr class="skippedeven"><td><a href="#m2">createLeadTest</a></td></tr><tr class="skippedeven"><td><a href="#m3">createLeadTest</a></td></tr><tr class="skippedeven"><td><a href="#m4">deleteLeadTest</a></td><td rowspan="1">1612534746706</td><td rowspan="1">0</td></tr><tr><th colspan="4">LeadsTest &#8212; passed</th></tr><tr class="passedeven"><td rowspan="1">com.qtpselenium.core.ddf.zohotestcases.LeadsTest</td><td><a href="#m5">modifyLeadTest</a></td><td rowspan="1">1612534746710</td><td rowspan="1">2</td></tr></tbody><tbody id="t1"><tr><th colspan="4">LoginTest &#8212; failed</th></tr><tr class="failedeven"><td rowspan="1">com.qtpselenium.core.ddf.zohotestcases.LoginTest</td><td><a href="#m6">testA1</a></td><td rowspan="1">1612534745775</td><td rowspan="1">119707</td></tr><tr><th colspan="4">LoginTest &#8212; skipped</th></tr><tr class="skippedeven"><td rowspan="1">com.qtpselenium.core.ddf.zohotestcases.LoginTest</td><td><a href="#m7">testA1</a></td><td rowspan="1">1612534745722</td><td rowspan="1">43</td></tr></tbody></table><h2>LeadsTest</h2><h3 id="m0">com.qtpselenium.core.ddf.zohotestcases.LeadsTest#createLeadTest</h3><table class="result"><tr class="param"><th>Parameter #1</th></tr><tr class="param stripe"><td>{LeadLastName=Sam, Runmode=N, LeadCompany=Sony, Browser=Mozilla}</td></tr><tr><th>Exception</th></tr><tr><td><div class="stacktrace">org.testng.SkipException: Skipping the test as runmode is N
	at com.qtpselenium.core.ddf.zohotestcases.LeadsTest.createLeadTest(LeadsTest.java:31)
	at java.util.concurrent.FutureTask.run(FutureTask.java:266)
	at java.util.concurrent.Executors$RunnableAdapter.call(Executors.java:511)
	at java.util.concurrent.FutureTask.run(FutureTask.java:266)
	at java.util.concurrent.ThreadPoolExecutor.runWorker(ThreadPoolExecutor.java:1142)
	at java.util.concurrent.ThreadPoolExecutor$Worker.run(ThreadPoolExecutor.java:617)
	at java.lang.Thread.run(Thread.java:745)
... Removed 9 stack frames</div></td></tr></table><p class="totop"><a href="#summary">back to summary</a></p><h3 id="m1">com.qtpselenium.core.ddf.zohotestcases.LeadsTest#createLeadTest</h3><table class="result"><tr class="param"><th>Parameter #1</th></tr><tr class="param stripe"><td>{LeadLastName=Sharma, Runmode=N, LeadCompany=Lenovo, Browser=Chrome}</td></tr><tr><th>Exception</th></tr><tr><td><div class="stacktrace">org.testng.SkipException: Skipping the test as runmode is N
	at com.qtpselenium.core.ddf.zohotestcases.LeadsTest.createLeadTest(LeadsTest.java:31)
	at java.util.concurrent.FutureTask.run(FutureTask.java:266)
	at java.util.concurrent.Executors$RunnableAdapter.call(Executors.java:511)
	at java.util.concurrent.FutureTask.run(FutureTask.java:266)
	at java.util.concurrent.ThreadPoolExecutor.runWorker(ThreadPoolExecutor.java:1142)
	at java.util.concurrent.ThreadPoolExecutor$Worker.run(ThreadPoolExecutor.java:617)
	at java.lang.Thread.run(Thread.java:745)
... Removed 9 stack frames</div></td></tr></table><p class="totop"><a href="#summary">back to summary</a></p><h3 id="m2">com.qtpselenium.core.ddf.zohotestcases.LeadsTest#createLeadTest</h3><table class="result"><tr class="param"><th>Parameter #1</th></tr><tr class="param stripe"><td>{LeadLastName=Watson, Runmode=N, LeadCompany=HP, Browser=Chrome}</td></tr><tr><th>Exception</th></tr><tr><td><div class="stacktrace">org.testng.SkipException: Skipping the test as runmode is N
	at com.qtpselenium.core.ddf.zohotestcases.LeadsTest.createLeadTest(LeadsTest.java:31)
	at java.util.concurrent.FutureTask.run(FutureTask.java:266)
	at java.util.concurrent.Executors$RunnableAdapter.call(Executors.java:511)
	at java.util.concurrent.FutureTask.run(FutureTask.java:266)
	at java.util.concurrent.ThreadPoolExecutor.runWorker(ThreadPoolExecutor.java:1142)
	at java.util.concurrent.ThreadPoolExecutor$Worker.run(ThreadPoolExecutor.java:617)
	at java.lang.Thread.run(Thread.java:745)
... Removed 9 stack frames</div></td></tr></table><p class="totop"><a href="#summary">back to summary</a></p><h3 id="m3">com.qtpselenium.core.ddf.zohotestcases.LeadsTest#createLeadTest</h3><table class="result"><tr class="param"><th>Parameter #1</th></tr><tr class="param stripe"><td>{LeadLastName=Wilson, Runmode=Y, LeadCompany=Samsung, Browser=Mozilla}</td></tr><tr><th>Exception</th></tr><tr><td><div class="stacktrace">org.testng.SkipException: Skipping the test as runmode is N
	at com.qtpselenium.core.ddf.zohotestcases.LeadsTest.createLeadTest(LeadsTest.java:31)
	at java.util.concurrent.FutureTask.run(FutureTask.java:266)
	at java.util.concurrent.Executors$RunnableAdapter.call(Executors.java:511)
	at java.util.concurrent.FutureTask.run(FutureTask.java:266)
	at java.util.concurrent.ThreadPoolExecutor.runWorker(ThreadPoolExecutor.java:1142)
	at java.util.concurrent.ThreadPoolExecutor$Worker.run(ThreadPoolExecutor.java:617)
	at java.lang.Thread.run(Thread.java:745)
... Removed 9 stack frames</div></td></tr></table><p class="totop"><a href="#summary">back to summary</a></p><h3 id="m4">com.qtpselenium.core.ddf.zohotestcases.LeadsTest#deleteLeadTest</h3><table class="result"><tr><th>Exception</th></tr><tr><td><div class="stacktrace">java.lang.Throwable: Method LeadsTest.deleteLeadTest()[pri:2, instance:com.qtpselenium.core.ddf.zohotestcases.LeadsTest@6121c9d6] depends on not successfully finished methods
	at java.util.concurrent.FutureTask.run(FutureTask.java:266)
	at java.util.concurrent.ThreadPoolExecutor.runWorker(ThreadPoolExecutor.java:1142)
	at java.util.concurrent.ThreadPoolExecutor$Worker.run(ThreadPoolExecutor.java:617)
	at java.lang.Thread.run(Thread.java:745)
... Removed 9 stack frames</div></td></tr></table><p class="totop"><a href="#summary">back to summary</a></p><h3 id="m5">com.qtpselenium.core.ddf.zohotestcases.LeadsTest#modifyLeadTest</h3><table class="result"></table><p class="totop"><a href="#summary">back to summary</a></p><h2>LoginTest</h2><h3 id="m6">com.qtpselenium.core.ddf.zohotestcases.LoginTest#testA1</h3><table class="result"><tr class="param"><th>Parameter #1</th></tr><tr class="param stripe"><td>{Username=its.thakur@gmail.com, ExpectedResult=Y, Password=xxxxx, Runmode=Y, Browser=Chrome}</td></tr><tr><th>Exception</th></tr><tr><td><div class="stacktrace">java.lang.AssertionError: Login test has failed
	at com.qtpseleniun.core.ddf.base.BaseTest.reportFailure(BaseTest.java:187)
	at com.qtpseleniun.core.ddf.base.BaseTest.login(BaseTest.java:223)
	at com.qtpselenium.core.ddf.zohotestcases.LoginTest.testA1(LoginTest.java:45)
	at java.util.concurrent.FutureTask.run(FutureTask.java:266)
	at java.util.concurrent.ThreadPoolExecutor.runWorker(ThreadPoolExecutor.java:1142)
	at java.util.concurrent.ThreadPoolExecutor$Worker.run(ThreadPoolExecutor.java:617)
	at java.lang.Thread.run(Thread.java:745)
... Removed 17 stack frames</div></td></tr></table><p class="totop"><a href="#summary">back to summary</a></p><h3 id="m7">com.qtpselenium.core.ddf.zohotestcases.LoginTest#testA1</h3><table class="result"><tr class="param"><th>Parameter #1</th></tr><tr class="param stripe"><td>{Username=its.thakur@gmail.com, ExpectedResult=Y, Password=pass@1234, Runmode=N, Browser=Mozilla}</td></tr><tr><th>Exception</th></tr><tr><td><div class="stacktrace">org.testng.SkipException: Skipping the test as runmode is N
	at com.qtpselenium.core.ddf.zohotestcases.LoginTest.testA1(LoginTest.java:40)
	at java.util.concurrent.FutureTask.run(FutureTask.java:266)
	at java.util.concurrent.ThreadPoolExecutor.runWorker(ThreadPoolExecutor.java:1142)
	at java.util.concurrent.ThreadPoolExecutor$Worker.run(ThreadPoolExecutor.java:617)
	at java.lang.Thread.run(Thread.java:745)
... Removed 16 stack frames</div></td></tr></table><p class="totop"><a href="#summary">back to summary</a></p></body></html>