<?xml version="1.0" encoding="UTF-8"?>
<testng-results skipped="6" failed="1" total="8" passed="1">
  <reporter-output>
  </reporter-output>
  <suite name="DataDrivenFramework" duration-ms="121726" started-at="2021-02-05T14:19:04Z" finished-at="2021-02-05T14:21:06Z">
    <groups>
    </groups>
    <test name="LeadsTest" duration-ms="2385" started-at="2021-02-05T14:19:04Z" finished-at="2021-02-05T14:19:06Z">
      <class name="com.qtpselenium.core.ddf.zohotestcases.LeadsTest">
        <test-method status="SKIP" signature="createLeadTest(java.util.Hashtable)[pri:1, instance:com.qtpselenium.core.ddf.zohotestcases.LeadsTest@6121c9d6]" name="createLeadTest" duration-ms="35" started-at="2021-02-05T09:19:05Z" data-provider="getData" finished-at="2021-02-05T09:19:05Z">
          <params>
            <param index="0">
              <value>
                <![CDATA[{LeadLastName=Sam, Runmode=N, LeadCompany=Sony, Browser=Mozilla}]]>
              </value>
            </param>
          </params>
          <exception class="org.testng.SkipException">
            <message>
              <![CDATA[Skipping the test as runmode is N]]>
            </message>
            <full-stacktrace>
              <![CDATA[org.testng.SkipException: Skipping the test as runmode is N
	at com.qtpselenium.core.ddf.zohotestcases.LeadsTest.createLeadTest(LeadsTest.java:31)
	at sun.reflect.NativeMethodAccessorImpl.invoke0(Native Method)
	at sun.reflect.NativeMethodAccessorImpl.invoke(NativeMethodAccessorImpl.java:62)
	at sun.reflect.DelegatingMethodAccessorImpl.invoke(DelegatingMethodAccessorImpl.java:43)
	at java.lang.reflect.Method.invoke(Method.java:498)
	at org.testng.internal.MethodInvocationHelper.invokeMethod(MethodInvocationHelper.java:100)
	at org.testng.internal.Invoker.invokeMethod(Invoker.java:646)
	at org.testng.internal.Invoker.invokeTestMethod(Invoker.java:811)
	at org.testng.internal.TestMethodWithDataProviderMethodWorker.call(TestMethodWithDataProviderMethodWorker.java:75)
	at org.testng.internal.TestMethodWithDataProviderMethodWorker.call(TestMethodWithDataProviderMethodWorker.java:14)
	at java.util.concurrent.FutureTask.run(FutureTask.java:266)
	at java.util.concurrent.Executors$RunnableAdapter.call(Executors.java:511)
	at java.util.concurrent.FutureTask.run(FutureTask.java:266)
	at java.util.concurrent.ThreadPoolExecutor.runWorker(ThreadPoolExecutor.java:1142)
	at java.util.concurrent.ThreadPoolExecutor$Worker.run(ThreadPoolExecutor.java:617)
	at java.lang.Thread.run(Thread.java:745)
]]>
            </full-stacktrace>
          </exception> <!-- org.testng.SkipException -->
          <reporter-output>
          </reporter-output>
        </test-method> <!-- createLeadTest -->
        <test-method status="SKIP" signature="createLeadTest(java.util.Hashtable)[pri:1, instance:com.qtpselenium.core.ddf.zohotestcases.LeadsTest@6121c9d6]" name="createLeadTest" duration-ms="32" started-at="2021-02-05T09:19:05Z" data-provider="getData" finished-at="2021-02-05T09:19:05Z">
          <params>
            <param index="0">
              <value>
                <![CDATA[{LeadLastName=Wilson, Runmode=Y, LeadCompany=Samsung, Browser=Mozilla}]]>
              </value>
            </param>
          </params>
          <exception class="org.testng.SkipException">
            <message>
              <![CDATA[Skipping the test as runmode is N]]>
            </message>
            <full-stacktrace>
              <![CDATA[org.testng.SkipException: Skipping the test as runmode is N
	at com.qtpselenium.core.ddf.zohotestcases.LeadsTest.createLeadTest(LeadsTest.java:31)
	at sun.reflect.NativeMethodAccessorImpl.invoke0(Native Method)
	at sun.reflect.NativeMethodAccessorImpl.invoke(NativeMethodAccessorImpl.java:62)
	at sun.reflect.DelegatingMethodAccessorImpl.invoke(DelegatingMethodAccessorImpl.java:43)
	at java.lang.reflect.Method.invoke(Method.java:498)
	at org.testng.internal.MethodInvocationHelper.invokeMethod(MethodInvocationHelper.java:100)
	at org.testng.internal.Invoker.invokeMethod(Invoker.java:646)
	at org.testng.internal.Invoker.invokeTestMethod(Invoker.java:811)
	at org.testng.internal.TestMethodWithDataProviderMethodWorker.call(TestMethodWithDataProviderMethodWorker.java:75)
	at org.testng.internal.TestMethodWithDataProviderMethodWorker.call(TestMethodWithDataProviderMethodWorker.java:14)
	at java.util.concurrent.FutureTask.run(FutureTask.java:266)
	at java.util.concurrent.Executors$RunnableAdapter.call(Executors.java:511)
	at java.util.concurrent.FutureTask.run(FutureTask.java:266)
	at java.util.concurrent.ThreadPoolExecutor.runWorker(ThreadPoolExecutor.java:1142)
	at java.util.concurrent.ThreadPoolExecutor$Worker.run(ThreadPoolExecutor.java:617)
	at java.lang.Thread.run(Thread.java:745)
]]>
            </full-stacktrace>
          </exception> <!-- org.testng.SkipException -->
          <reporter-output>
          </reporter-output>
        </test-method> <!-- createLeadTest -->
        <test-method status="SKIP" signature="createLeadTest(java.util.Hashtable)[pri:1, instance:com.qtpselenium.core.ddf.zohotestcases.LeadsTest@6121c9d6]" name="createLeadTest" duration-ms="36" started-at="2021-02-05T09:19:05Z" data-provider="getData" finished-at="2021-02-05T09:19:05Z">
          <params>
            <param index="0">
              <value>
                <![CDATA[{LeadLastName=Watson, Runmode=N, LeadCompany=HP, Browser=Chrome}]]>
              </value>
            </param>
          </params>
          <exception class="org.testng.SkipException">
            <message>
              <![CDATA[Skipping the test as runmode is N]]>
            </message>
            <full-stacktrace>
              <![CDATA[org.testng.SkipException: Skipping the test as runmode is N
	at com.qtpselenium.core.ddf.zohotestcases.LeadsTest.createLeadTest(LeadsTest.java:31)
	at sun.reflect.NativeMethodAccessorImpl.invoke0(Native Method)
	at sun.reflect.NativeMethodAccessorImpl.invoke(NativeMethodAccessorImpl.java:62)
	at sun.reflect.DelegatingMethodAccessorImpl.invoke(DelegatingMethodAccessorImpl.java:43)
	at java.lang.reflect.Method.invoke(Method.java:498)
	at org.testng.internal.MethodInvocationHelper.invokeMethod(MethodInvocationHelper.java:100)
	at org.testng.internal.Invoker.invokeMethod(Invoker.java:646)
	at org.testng.internal.Invoker.invokeTestMethod(Invoker.java:811)
	at org.testng.internal.TestMethodWithDataProviderMethodWorker.call(TestMethodWithDataProviderMethodWorker.java:75)
	at org.testng.internal.TestMethodWithDataProviderMethodWorker.call(TestMethodWithDataProviderMethodWorker.java:14)
	at java.util.concurrent.FutureTask.run(FutureTask.java:266)
	at java.util.concurrent.Executors$RunnableAdapter.call(Executors.java:511)
	at java.util.concurrent.FutureTask.run(FutureTask.java:266)
	at java.util.concurrent.ThreadPoolExecutor.runWorker(ThreadPoolExecutor.java:1142)
	at java.util.concurrent.ThreadPoolExecutor$Worker.run(ThreadPoolExecutor.java:617)
	at java.lang.Thread.run(Thread.java:745)
]]>
            </full-stacktrace>
          </exception> <!-- org.testng.SkipException -->
          <reporter-output>
          </reporter-output>
        </test-method> <!-- createLeadTest -->
        <test-method status="SKIP" signature="createLeadTest(java.util.Hashtable)[pri:1, instance:com.qtpselenium.core.ddf.zohotestcases.LeadsTest@6121c9d6]" name="createLeadTest" duration-ms="31" started-at="2021-02-05T09:19:05Z" data-provider="getData" finished-at="2021-02-05T09:19:05Z">
          <params>
            <param index="0">
              <value>
                <![CDATA[{LeadLastName=Sharma, Runmode=N, LeadCompany=Lenovo, Browser=Chrome}]]>
              </value>
            </param>
          </params>
          <exception class="org.testng.SkipException">
            <message>
              <![CDATA[Skipping the test as runmode is N]]>
            </message>
            <full-stacktrace>
              <![CDATA[org.testng.SkipException: Skipping the test as runmode is N
	at com.qtpselenium.core.ddf.zohotestcases.LeadsTest.createLeadTest(LeadsTest.java:31)
	at sun.reflect.NativeMethodAccessorImpl.invoke0(Native Method)
	at sun.reflect.NativeMethodAccessorImpl.invoke(NativeMethodAccessorImpl.java:62)
	at sun.reflect.DelegatingMethodAccessorImpl.invoke(DelegatingMethodAccessorImpl.java:43)
	at java.lang.reflect.Method.invoke(Method.java:498)
	at org.testng.internal.MethodInvocationHelper.invokeMethod(MethodInvocationHelper.java:100)
	at org.testng.internal.Invoker.invokeMethod(Invoker.java:646)
	at org.testng.internal.Invoker.invokeTestMethod(Invoker.java:811)
	at org.testng.internal.TestMethodWithDataProviderMethodWorker.call(TestMethodWithDataProviderMethodWorker.java:75)
	at org.testng.internal.TestMethodWithDataProviderMethodWorker.call(TestMethodWithDataProviderMethodWorker.java:14)
	at java.util.concurrent.FutureTask.run(FutureTask.java:266)
	at java.util.concurrent.Executors$RunnableAdapter.call(Executors.java:511)
	at java.util.concurrent.FutureTask.run(FutureTask.java:266)
	at java.util.concurrent.ThreadPoolExecutor.runWorker(ThreadPoolExecutor.java:1142)
	at java.util.concurrent.ThreadPoolExecutor$Worker.run(ThreadPoolExecutor.java:617)
	at java.lang.Thread.run(Thread.java:745)
]]>
            </full-stacktrace>
          </exception> <!-- org.testng.SkipException -->
          <reporter-output>
          </reporter-output>
        </test-method> <!-- createLeadTest -->
        <test-method status="PASS" signature="finshReport()[pri:0, instance:com.qtpselenium.core.ddf.zohotestcases.LeadsTest@6121c9d6]" name="finshReport" is-config="true" duration-ms="854" started-at="2021-02-05T09:19:05Z" finished-at="2021-02-05T09:19:06Z">
          <reporter-output>
          </reporter-output>
        </test-method> <!-- finshReport -->
        <test-method status="PASS" signature="finshReport()[pri:0, instance:com.qtpselenium.core.ddf.zohotestcases.LeadsTest@6121c9d6]" name="finshReport" is-config="true" duration-ms="656" started-at="2021-02-05T09:19:05Z" finished-at="2021-02-05T09:19:06Z">
          <reporter-output>
          </reporter-output>
        </test-method> <!-- finshReport -->
        <test-method status="PASS" signature="finshReport()[pri:0, instance:com.qtpselenium.core.ddf.zohotestcases.LeadsTest@6121c9d6]" name="finshReport" is-config="true" duration-ms="747" started-at="2021-02-05T09:19:05Z" finished-at="2021-02-05T09:19:06Z">
          <reporter-output>
          </reporter-output>
        </test-method> <!-- finshReport -->
        <test-method status="PASS" signature="finshReport()[pri:0, instance:com.qtpselenium.core.ddf.zohotestcases.LeadsTest@6121c9d6]" name="finshReport" is-config="true" duration-ms="930" started-at="2021-02-05T09:19:05Z" finished-at="2021-02-05T09:19:06Z">
          <reporter-output>
          </reporter-output>
        </test-method> <!-- finshReport -->
        <test-method status="PASS" signature="quitBrowser()[pri:0, instance:com.qtpselenium.core.ddf.zohotestcases.LeadsTest@6121c9d6]" name="quitBrowser" is-config="true" duration-ms="0" started-at="2021-02-05T09:19:06Z" finished-at="2021-02-05T09:19:06Z">
          <reporter-output>
          </reporter-output>
        </test-method> <!-- quitBrowser -->
        <test-method status="PASS" signature="quitBrowser()[pri:0, instance:com.qtpselenium.core.ddf.zohotestcases.LeadsTest@6121c9d6]" name="quitBrowser" is-config="true" duration-ms="1" started-at="2021-02-05T09:19:06Z" finished-at="2021-02-05T09:19:06Z">
          <reporter-output>
          </reporter-output>
        </test-method> <!-- quitBrowser -->
        <test-method status="PASS" signature="quitBrowser()[pri:0, instance:com.qtpselenium.core.ddf.zohotestcases.LeadsTest@6121c9d6]" name="quitBrowser" is-config="true" duration-ms="0" started-at="2021-02-05T09:19:06Z" finished-at="2021-02-05T09:19:06Z">
          <reporter-output>
          </reporter-output>
        </test-method> <!-- quitBrowser -->
        <test-method status="PASS" signature="quitBrowser()[pri:0, instance:com.qtpselenium.core.ddf.zohotestcases.LeadsTest@6121c9d6]" name="quitBrowser" is-config="true" duration-ms="1" started-at="2021-02-05T09:19:06Z" finished-at="2021-02-05T09:19:06Z">
          <reporter-output>
          </reporter-output>
        </test-method> <!-- quitBrowser -->
        <test-method status="SKIP" signature="deleteLeadTest()[pri:2, instance:com.qtpselenium.core.ddf.zohotestcases.LeadsTest@6121c9d6]" name="deleteLeadTest" duration-ms="0" started-at="2021-02-05T09:19:06Z" depends-on-methods="com.qtpselenium.core.ddf.zohotestcases.LeadsTest.createLeadTest" finished-at="2021-02-05T09:19:06Z">
          <exception class="java.lang.Throwable">
            <message>
              <![CDATA[Method LeadsTest.deleteLeadTest()[pri:2, instance:com.qtpselenium.core.ddf.zohotestcases.LeadsTest@6121c9d6] depends on not successfully finished methods]]>
            </message>
            <full-stacktrace>
              <![CDATA[java.lang.Throwable: Method LeadsTest.deleteLeadTest()[pri:2, instance:com.qtpselenium.core.ddf.zohotestcases.LeadsTest@6121c9d6] depends on not successfully finished methods
	at org.testng.internal.Invoker.invokeTestMethods(Invoker.java:1028)
	at org.testng.internal.TestMethodWorker.invokeTestMethods(TestMethodWorker.java:129)
	at org.testng.internal.TestMethodWorker.run(TestMethodWorker.java:112)
	at org.testng.TestRunner.privateRun(TestRunner.java:753)
	at org.testng.TestRunner.run(TestRunner.java:607)
	at org.testng.SuiteRunner.runTest(SuiteRunner.java:368)
	at org.testng.SuiteRunner.access$000(SuiteRunner.java:39)
	at org.testng.SuiteRunner$SuiteWorker.run(SuiteRunner.java:402)
	at org.testng.internal.thread.ThreadUtil$2.call(ThreadUtil.java:64)
	at java.util.concurrent.FutureTask.run(FutureTask.java:266)
	at java.util.concurrent.ThreadPoolExecutor.runWorker(ThreadPoolExecutor.java:1142)
	at java.util.concurrent.ThreadPoolExecutor$Worker.run(ThreadPoolExecutor.java:617)
	at java.lang.Thread.run(Thread.java:745)
]]>
            </full-stacktrace>
          </exception> <!-- java.lang.Throwable -->
          <reporter-output>
          </reporter-output>
        </test-method> <!-- deleteLeadTest -->
        <test-method status="PASS" signature="modifyLeadTest()[pri:2, instance:com.qtpselenium.core.ddf.zohotestcases.LeadsTest@6121c9d6]" name="modifyLeadTest" duration-ms="2" started-at="2021-02-05T09:19:06Z" finished-at="2021-02-05T09:19:06Z">
          <reporter-output>
          </reporter-output>
        </test-method> <!-- modifyLeadTest -->
        <test-method status="PASS" signature="finshReport()[pri:0, instance:com.qtpselenium.core.ddf.zohotestcases.LeadsTest@6121c9d6]" name="finshReport" is-config="true" duration-ms="83" started-at="2021-02-05T09:19:06Z" finished-at="2021-02-05T09:19:06Z">
          <reporter-output>
          </reporter-output>
        </test-method> <!-- finshReport -->
        <test-method status="PASS" signature="quitBrowser()[pri:0, instance:com.qtpselenium.core.ddf.zohotestcases.LeadsTest@6121c9d6]" name="quitBrowser" is-config="true" duration-ms="0" started-at="2021-02-05T09:19:06Z" finished-at="2021-02-05T09:19:06Z">
          <reporter-output>
          </reporter-output>
        </test-method> <!-- quitBrowser -->
      </class> <!-- com.qtpselenium.core.ddf.zohotestcases.LeadsTest -->
    </test> <!-- LeadsTest -->
    <test name="LoginTest" duration-ms="121726" started-at="2021-02-05T14:19:04Z" finished-at="2021-02-05T14:21:06Z">
      <class name="com.qtpselenium.core.ddf.zohotestcases.LoginTest">
        <test-method status="SKIP" signature="testA1(java.util.Hashtable)[pri:1, instance:com.qtpselenium.core.ddf.zohotestcases.LoginTest@cb51256]" name="testA1" duration-ms="43" started-at="2021-02-05T09:19:05Z" data-provider="getData" finished-at="2021-02-05T09:19:05Z">
          <params>
            <param index="0">
              <value>
                <![CDATA[{Username=its.thakur@gmail.com, ExpectedResult=Y, Password=pass@1234, Runmode=N, Browser=Mozilla}]]>
              </value>
            </param>
          </params>
          <exception class="org.testng.SkipException">
            <message>
              <![CDATA[Skipping the test as runmode is N]]>
            </message>
            <full-stacktrace>
              <![CDATA[org.testng.SkipException: Skipping the test as runmode is N
	at com.qtpselenium.core.ddf.zohotestcases.LoginTest.testA1(LoginTest.java:40)
	at sun.reflect.NativeMethodAccessorImpl.invoke0(Native Method)
	at sun.reflect.NativeMethodAccessorImpl.invoke(NativeMethodAccessorImpl.java:62)
	at sun.reflect.DelegatingMethodAccessorImpl.invoke(DelegatingMethodAccessorImpl.java:43)
	at java.lang.reflect.Method.invoke(Method.java:498)
	at org.testng.internal.MethodInvocationHelper.invokeMethod(MethodInvocationHelper.java:100)
	at org.testng.internal.Invoker.invokeMethod(Invoker.java:646)
	at org.testng.internal.Invoker.invokeTestMethod(Invoker.java:811)
	at org.testng.internal.Invoker.invokeTestMethods(Invoker.java:1137)
	at org.testng.internal.TestMethodWorker.invokeTestMethods(TestMethodWorker.java:129)
	at org.testng.internal.TestMethodWorker.run(TestMethodWorker.java:112)
	at org.testng.TestRunner.privateRun(TestRunner.java:753)
	at org.testng.TestRunner.run(TestRunner.java:607)
	at org.testng.SuiteRunner.runTest(SuiteRunner.java:368)
	at org.testng.SuiteRunner.access$000(SuiteRunner.java:39)
	at org.testng.SuiteRunner$SuiteWorker.run(SuiteRunner.java:402)
	at org.testng.internal.thread.ThreadUtil$2.call(ThreadUtil.java:64)
	at java.util.concurrent.FutureTask.run(FutureTask.java:266)
	at java.util.concurrent.ThreadPoolExecutor.runWorker(ThreadPoolExecutor.java:1142)
	at java.util.concurrent.ThreadPoolExecutor$Worker.run(ThreadPoolExecutor.java:617)
	at java.lang.Thread.run(Thread.java:745)
]]>
            </full-stacktrace>
          </exception> <!-- org.testng.SkipException -->
          <reporter-output>
          </reporter-output>
        </test-method> <!-- testA1 -->
        <test-method status="PASS" signature="quitBrowser()[pri:0, instance:com.qtpselenium.core.ddf.zohotestcases.LoginTest@cb51256]" name="quitBrowser" is-config="true" duration-ms="0" started-at="2021-02-05T09:19:05Z" finished-at="2021-02-05T09:19:05Z">
          <reporter-output>
          </reporter-output>
        </test-method> <!-- quitBrowser -->
        <test-method status="FAIL" signature="testA1(java.util.Hashtable)[pri:1, instance:com.qtpselenium.core.ddf.zohotestcases.LoginTest@cb51256]" name="testA1" duration-ms="119707" started-at="2021-02-05T09:19:05Z" data-provider="getData" finished-at="2021-02-05T09:21:05Z">
          <params>
            <param index="0">
              <value>
                <![CDATA[{Username=its.thakur@gmail.com, ExpectedResult=Y, Password=xxxxx, Runmode=Y, Browser=Chrome}]]>
              </value>
            </param>
          </params>
          <exception class="java.lang.AssertionError">
            <message>
              <![CDATA[Login test has failed]]>
            </message>
            <full-stacktrace>
              <![CDATA[java.lang.AssertionError: Login test has failed
	at org.testng.Assert.fail(Assert.java:94)
	at com.qtpseleniun.core.ddf.base.BaseTest.reportFailure(BaseTest.java:187)
	at com.qtpseleniun.core.ddf.base.BaseTest.login(BaseTest.java:223)
	at com.qtpselenium.core.ddf.zohotestcases.LoginTest.testA1(LoginTest.java:45)
	at sun.reflect.NativeMethodAccessorImpl.invoke0(Native Method)
	at sun.reflect.NativeMethodAccessorImpl.invoke(NativeMethodAccessorImpl.java:62)
	at sun.reflect.DelegatingMethodAccessorImpl.invoke(DelegatingMethodAccessorImpl.java:43)
	at java.lang.reflect.Method.invoke(Method.java:498)
	at org.testng.internal.MethodInvocationHelper.invokeMethod(MethodInvocationHelper.java:100)
	at org.testng.internal.Invoker.invokeMethod(Invoker.java:646)
	at org.testng.internal.Invoker.invokeTestMethod(Invoker.java:811)
	at org.testng.internal.Invoker.invokeTestMethods(Invoker.java:1137)
	at org.testng.internal.TestMethodWorker.invokeTestMethods(TestMethodWorker.java:129)
	at org.testng.internal.TestMethodWorker.run(TestMethodWorker.java:112)
	at org.testng.TestRunner.privateRun(TestRunner.java:753)
	at org.testng.TestRunner.run(TestRunner.java:607)
	at org.testng.SuiteRunner.runTest(SuiteRunner.java:368)
	at org.testng.SuiteRunner.access$000(SuiteRunner.java:39)
	at org.testng.SuiteRunner$SuiteWorker.run(SuiteRunner.java:402)
	at org.testng.internal.thread.ThreadUtil$2.call(ThreadUtil.java:64)
	at java.util.concurrent.FutureTask.run(FutureTask.java:266)
	at java.util.concurrent.ThreadPoolExecutor.runWorker(ThreadPoolExecutor.java:1142)
	at java.util.concurrent.ThreadPoolExecutor$Worker.run(ThreadPoolExecutor.java:617)
	at java.lang.Thread.run(Thread.java:745)
]]>
            </full-stacktrace>
          </exception> <!-- java.lang.AssertionError -->
          <reporter-output>
          </reporter-output>
        </test-method> <!-- testA1 -->
        <test-method status="PASS" signature="quitBrowser()[pri:0, instance:com.qtpselenium.core.ddf.zohotestcases.LoginTest@cb51256]" name="quitBrowser" is-config="true" duration-ms="298" started-at="2021-02-05T09:21:05Z" finished-at="2021-02-05T09:21:05Z">
          <reporter-output>
          </reporter-output>
        </test-method> <!-- quitBrowser -->
        <test-method status="PASS" signature="finshReport()[pri:0, instance:com.qtpselenium.core.ddf.zohotestcases.LoginTest@cb51256]" name="finshReport" is-config="true" duration-ms="354" started-at="2021-02-05T09:21:05Z" finished-at="2021-02-05T09:21:06Z">
          <reporter-output>
          </reporter-output>
        </test-method> <!-- finshReport -->
      </class> <!-- com.qtpselenium.core.ddf.zohotestcases.LoginTest -->
    </test> <!-- LoginTest -->
  </suite> <!-- DataDrivenFramework -->
</testng-results>
