<?xml version="1.0" encoding="UTF-8"?>
<testng-results skipped="2" failed="2" total="4" passed="0">
  <reporter-output>
  </reporter-output>
  <suite name="Suite B" duration-ms="240476" started-at="2021-02-21T14:54:23Z" finished-at="2021-02-21T14:58:24Z">
    <groups>
    </groups>
    <test name="StockTest" duration-ms="240476" started-at="2021-02-21T14:54:23Z" finished-at="2021-02-21T14:58:24Z">
      <class name="com.qtpselenium.hybrid.stocksuite.StockTest">
        <test-method status="PASS" signature="init()[pri:0, instance:com.qtpselenium.hybrid.stocksuite.StockTest@25618e91]" name="init" is-config="true" duration-ms="879" started-at="2021-02-21T09:54:23Z" finished-at="2021-02-21T09:54:24Z">
          <reporter-output>
          </reporter-output>
        </test-method> <!-- init -->
        <test-method status="PASS" signature="initTest()[pri:0, instance:com.qtpselenium.hybrid.stocksuite.StockTest@25618e91]" name="initTest" is-config="true" duration-ms="299" started-at="2021-02-21T09:54:24Z" finished-at="2021-02-21T09:54:25Z">
          <reporter-output>
          </reporter-output>
        </test-method> <!-- initTest -->
        <test-method status="FAIL" signature="AddStockTest(java.util.Hashtable)[pri:0, instance:com.qtpselenium.hybrid.stocksuite.StockTest@25618e91]" name="AddStockTest" duration-ms="232967" started-at="2021-02-21T09:54:25Z" data-provider="getData" finished-at="2021-02-21T09:58:17Z">
          <params>
            <param index="0">
              <value>
                <![CDATA[{Date=5/03/2018, PurchasePrice=200, PortfolioName=Ashi_9, Runmode=Y, Stock Name=Tata Steel Ltd, Quantity=100, Browser=Chrome}]]>
              </value>
            </param>
          </params>
          <exception class="java.lang.reflect.InvocationTargetException">
            <full-stacktrace>
              <![CDATA[java.lang.reflect.InvocationTargetException
	at sun.reflect.NativeMethodAccessorImpl.invoke0(Native Method)
	at sun.reflect.NativeMethodAccessorImpl.invoke(NativeMethodAccessorImpl.java:62)
	at sun.reflect.DelegatingMethodAccessorImpl.invoke(DelegatingMethodAccessorImpl.java:43)
	at java.lang.reflect.Method.invoke(Method.java:498)
	at com.qtpselenium.hybrid.driver.DriverScript.executeKeywords(DriverScript.java:57)
	at com.qtpselenium.hybrid.stocksuite.StockTest.AddStockTest(StockTest.java:29)
	at sun.reflect.NativeMethodAccessorImpl.invoke0(Native Method)
	at sun.reflect.NativeMethodAccessorImpl.invoke(NativeMethodAccessorImpl.java:62)
	at sun.reflect.DelegatingMethodAccessorImpl.invoke(DelegatingMethodAccessorImpl.java:43)
	at java.lang.reflect.Method.invoke(Method.java:498)
	at org.testng.internal.MethodInvocationHelper.invokeMethod(MethodInvocationHelper.java:100)
	at org.testng.internal.Invoker.invokeMethod(Invoker.java:646)
	at org.testng.internal.Invoker.invokeTestMethod(Invoker.java:811)
	at org.testng.internal.Invoker.invokeTestMethods(Invoker.java:1137)
	at org.testng.internal.TestMethodWorker.invokeTestMethods(TestMethodWorker.java:129)
	at org.testng.internal.TestMethodWorker.run(TestMethodWorker.java:112)
	at org.testng.TestRunner.privateRun(TestRunner.java:753)
	at org.testng.TestRunner.run(TestRunner.java:607)
	at org.testng.SuiteRunner.runTest(SuiteRunner.java:368)
	at org.testng.SuiteRunner.runSequentially(SuiteRunner.java:363)
	at org.testng.SuiteRunner.privateRun(SuiteRunner.java:321)
	at org.testng.SuiteRunner.run(SuiteRunner.java:270)
	at org.testng.SuiteRunnerWorker.runSuite(SuiteRunnerWorker.java:52)
	at org.testng.SuiteRunnerWorker.run(SuiteRunnerWorker.java:86)
	at java.util.concurrent.ThreadPoolExecutor.runWorker(ThreadPoolExecutor.java:1142)
	at java.util.concurrent.ThreadPoolExecutor$Worker.run(ThreadPoolExecutor.java:617)
	at java.lang.Thread.run(Thread.java:745)
Caused by: java.lang.AssertionError: The following asserts failed:
	Element not present//select[@id='portfolioid']
	at org.testng.asserts.SoftAssert.assertAll(SoftAssert.java:43)
	at com.qtpselenium.hybrid.keywords.GenericKeywords.reportFailure(GenericKeywords.java:245)
	at com.qtpselenium.hybrid.keywords.GenericKeywords.getObject(GenericKeywords.java:191)
	at com.qtpselenium.hybrid.keywords.GenericKeywords.isElementInList(GenericKeywords.java:356)
	at com.qtpselenium.hybrid.keywords.GenericKeywords.select(GenericKeywords.java:370)
	... 27 more
]]>
            </full-stacktrace>
          </exception> <!-- java.lang.reflect.InvocationTargetException -->
          <reporter-output>
          </reporter-output>
        </test-method> <!-- AddStockTest -->
        <test-method status="PASS" signature="quit()[pri:0, instance:com.qtpselenium.hybrid.stocksuite.StockTest@25618e91]" name="quit" is-config="true" duration-ms="6294" started-at="2021-02-21T09:58:17Z" finished-at="2021-02-21T09:58:24Z">
          <reporter-output>
          </reporter-output>
        </test-method> <!-- quit -->
      </class> <!-- com.qtpselenium.hybrid.stocksuite.StockTest -->
    </test> <!-- StockTest -->
  </suite> <!-- Suite B -->
  <suite name="Suite A" duration-ms="241899" started-at="2021-02-21T14:54:23Z" finished-at="2021-02-21T14:58:25Z">
    <groups>
    </groups>
    <test name="PortfolioTest" duration-ms="241899" started-at="2021-02-21T14:54:23Z" finished-at="2021-02-21T14:58:25Z">
      <class name="com.qtpselenium.hybrid.portfoliosuite.PortfolioTest">
        <test-method status="PASS" signature="init()[pri:0, instance:com.qtpselenium.hybrid.portfoliosuite.PortfolioTest@763d9750]" name="init" is-config="true" duration-ms="879" started-at="2021-02-21T09:54:23Z" finished-at="2021-02-21T09:54:24Z">
          <reporter-output>
          </reporter-output>
        </test-method> <!-- init -->
        <test-method status="PASS" signature="initTest()[pri:0, instance:com.qtpselenium.hybrid.portfoliosuite.PortfolioTest@763d9750]" name="initTest" is-config="true" duration-ms="299" started-at="2021-02-21T09:54:24Z" finished-at="2021-02-21T09:54:25Z">
          <reporter-output>
          </reporter-output>
        </test-method> <!-- initTest -->
        <test-method status="FAIL" signature="createPortfolioTest(java.util.Hashtable)[pri:0, instance:com.qtpselenium.hybrid.portfoliosuite.PortfolioTest@763d9750]" name="createPortfolioTest" duration-ms="239829" started-at="2021-02-21T09:54:25Z" data-provider="getData" finished-at="2021-02-21T09:58:24Z">
          <params>
            <param index="0">
              <value>
                <![CDATA[{PortfolioName=Abcdhghjg, Runmode=Y, Browser=Chrome}]]>
              </value>
            </param>
          </params>
          <exception class="java.lang.reflect.InvocationTargetException">
            <full-stacktrace>
              <![CDATA[java.lang.reflect.InvocationTargetException
	at sun.reflect.NativeMethodAccessorImpl.invoke0(Native Method)
	at sun.reflect.NativeMethodAccessorImpl.invoke(NativeMethodAccessorImpl.java:62)
	at sun.reflect.DelegatingMethodAccessorImpl.invoke(DelegatingMethodAccessorImpl.java:43)
	at java.lang.reflect.Method.invoke(Method.java:498)
	at com.qtpselenium.hybrid.driver.DriverScript.executeKeywords(DriverScript.java:57)
	at com.qtpselenium.hybrid.portfoliosuite.PortfolioTest.createPortfolioTest(PortfolioTest.java:32)
	at sun.reflect.NativeMethodAccessorImpl.invoke0(Native Method)
	at sun.reflect.NativeMethodAccessorImpl.invoke(NativeMethodAccessorImpl.java:62)
	at sun.reflect.DelegatingMethodAccessorImpl.invoke(DelegatingMethodAccessorImpl.java:43)
	at java.lang.reflect.Method.invoke(Method.java:498)
	at org.testng.internal.MethodInvocationHelper.invokeMethod(MethodInvocationHelper.java:100)
	at org.testng.internal.Invoker.invokeMethod(Invoker.java:646)
	at org.testng.internal.Invoker.invokeTestMethod(Invoker.java:811)
	at org.testng.internal.Invoker.invokeTestMethods(Invoker.java:1137)
	at org.testng.internal.TestMethodWorker.invokeTestMethods(TestMethodWorker.java:129)
	at org.testng.internal.TestMethodWorker.run(TestMethodWorker.java:112)
	at org.testng.TestRunner.privateRun(TestRunner.java:753)
	at org.testng.TestRunner.run(TestRunner.java:607)
	at org.testng.SuiteRunner.runTest(SuiteRunner.java:368)
	at org.testng.SuiteRunner.runSequentially(SuiteRunner.java:363)
	at org.testng.SuiteRunner.privateRun(SuiteRunner.java:321)
	at org.testng.SuiteRunner.run(SuiteRunner.java:270)
	at org.testng.SuiteRunnerWorker.runSuite(SuiteRunnerWorker.java:52)
	at org.testng.SuiteRunnerWorker.run(SuiteRunnerWorker.java:86)
	at java.util.concurrent.ThreadPoolExecutor.runWorker(ThreadPoolExecutor.java:1142)
	at java.util.concurrent.ThreadPoolExecutor$Worker.run(ThreadPoolExecutor.java:617)
	at java.lang.Thread.run(Thread.java:745)
Caused by: java.lang.AssertionError: The following asserts failed:
	Values Dont match. Got value as Ashi_9
	at org.testng.asserts.SoftAssert.assertAll(SoftAssert.java:43)
	at com.qtpselenium.hybrid.keywords.GenericKeywords.reportFailure(GenericKeywords.java:245)
	at com.qtpselenium.hybrid.keywords.GenericKeywords.waitTillSelectionToBe(GenericKeywords.java:344)
	at com.qtpselenium.hybrid.keywords.AppKeywords.verifyPortfolio(AppKeywords.java:80)
	... 27 more
]]>
            </full-stacktrace>
          </exception> <!-- java.lang.reflect.InvocationTargetException -->
          <reporter-output>
          </reporter-output>
        </test-method> <!-- createPortfolioTest -->
        <test-method status="PASS" signature="quit()[pri:0, instance:com.qtpselenium.hybrid.portfoliosuite.PortfolioTest@763d9750]" name="quit" is-config="true" duration-ms="580" started-at="2021-02-21T09:58:24Z" finished-at="2021-02-21T09:58:25Z">
          <reporter-output>
          </reporter-output>
        </test-method> <!-- quit -->
        <test-method status="SKIP" signature="createPortfolioTest(java.util.Hashtable)[pri:0, instance:com.qtpselenium.hybrid.portfoliosuite.PortfolioTest@763d9750]" name="createPortfolioTest" duration-ms="4" started-at="2021-02-21T09:58:25Z" data-provider="getData" finished-at="2021-02-21T09:58:25Z">
          <params>
            <param index="0">
              <value>
                <![CDATA[{PortfolioName=SamplePort1411, Runmode=N, Browser=Mozilla}]]>
              </value>
            </param>
          </params>
          <exception class="org.testng.SkipException">
            <message>
              <![CDATA[Skippinng the test as runmode is N]]>
            </message>
            <full-stacktrace>
              <![CDATA[org.testng.SkipException: Skippinng the test as runmode is N
	at com.qtpselenium.hybrid.portfoliosuite.PortfolioTest.createPortfolioTest(PortfolioTest.java:30)
	at sun.reflect.NativeMethodAccessorImpl.invoke0(Native Method)
	at sun.reflect.NativeMethodAccessorImpl.invoke(NativeMethodAccessorImpl.java:62)
	at sun.reflect.DelegatingMethodAccessorImpl.invoke(DelegatingMethodAccessorImpl.java:43)
	at java.lang.reflect.Method.invoke(Method.java:498)
	at org.testng.internal.MethodInvocationHelper.invokeMethod(MethodInvocationHelper.java:100)
	at org.testng.internal.Invoker.invokeMethod(Invoker.java:646)
	at org.testng.internal.Invoker.invokeTestMethod(Invoker.java:811)
	at org.testng.internal.Invoker.invokeTestMethods(Invoker.java:1137)
	at org.testng.internal.TestMethodWorker.invokeTestMethods(TestMethodWorker.java:129)
	at org.testng.internal.TestMethodWorker.run(TestMethodWorker.java:112)
	at org.testng.TestRunner.privateRun(TestRunner.java:753)
	at org.testng.TestRunner.run(TestRunner.java:607)
	at org.testng.SuiteRunner.runTest(SuiteRunner.java:368)
	at org.testng.SuiteRunner.runSequentially(SuiteRunner.java:363)
	at org.testng.SuiteRunner.privateRun(SuiteRunner.java:321)
	at org.testng.SuiteRunner.run(SuiteRunner.java:270)
	at org.testng.SuiteRunnerWorker.runSuite(SuiteRunnerWorker.java:52)
	at org.testng.SuiteRunnerWorker.run(SuiteRunnerWorker.java:86)
	at java.util.concurrent.ThreadPoolExecutor.runWorker(ThreadPoolExecutor.java:1142)
	at java.util.concurrent.ThreadPoolExecutor$Worker.run(ThreadPoolExecutor.java:617)
	at java.lang.Thread.run(Thread.java:745)
]]>
            </full-stacktrace>
          </exception> <!-- org.testng.SkipException -->
          <reporter-output>
          </reporter-output>
        </test-method> <!-- createPortfolioTest -->
        <test-method status="PASS" signature="initTest()[pri:0, instance:com.qtpselenium.hybrid.portfoliosuite.PortfolioTest@763d9750]" name="initTest" is-config="true" duration-ms="0" started-at="2021-02-21T09:58:25Z" finished-at="2021-02-21T09:58:25Z">
          <reporter-output>
          </reporter-output>
        </test-method> <!-- initTest -->
        <test-method status="PASS" signature="quit()[pri:0, instance:com.qtpselenium.hybrid.portfoliosuite.PortfolioTest@763d9750]" name="quit" is-config="true" duration-ms="126" started-at="2021-02-21T09:58:25Z" finished-at="2021-02-21T09:58:25Z">
          <reporter-output>
          </reporter-output>
        </test-method> <!-- quit -->
        <test-method status="PASS" signature="initTest()[pri:0, instance:com.qtpselenium.hybrid.portfoliosuite.PortfolioTest@763d9750]" name="initTest" is-config="true" duration-ms="1" started-at="2021-02-21T09:58:25Z" finished-at="2021-02-21T09:58:25Z">
          <reporter-output>
          </reporter-output>
        </test-method> <!-- initTest -->
        <test-method status="SKIP" signature="deletePortfolioTest(java.util.Hashtable)[pri:0, instance:com.qtpselenium.hybrid.portfoliosuite.PortfolioTest@763d9750]" name="deletePortfolioTest" duration-ms="2" started-at="2021-02-21T09:58:25Z" data-provider="getData" finished-at="2021-02-21T09:58:25Z">
          <params>
            <param index="0">
              <value>
                <![CDATA[{PortfolioName=SamplePort14, Runmode=Y, Browser=Chrome}]]>
              </value>
            </param>
          </params>
          <exception class="org.testng.SkipException">
            <message>
              <![CDATA[Runmode is set to NO]]>
            </message>
            <full-stacktrace>
              <![CDATA[org.testng.SkipException: Runmode is set to NO
	at com.qtpselenium.hybrid.portfoliosuite.PortfolioTest.deletePortfolioTest(PortfolioTest.java:47)
	at sun.reflect.NativeMethodAccessorImpl.invoke0(Native Method)
	at sun.reflect.NativeMethodAccessorImpl.invoke(NativeMethodAccessorImpl.java:62)
	at sun.reflect.DelegatingMethodAccessorImpl.invoke(DelegatingMethodAccessorImpl.java:43)
	at java.lang.reflect.Method.invoke(Method.java:498)
	at org.testng.internal.MethodInvocationHelper.invokeMethod(MethodInvocationHelper.java:100)
	at org.testng.internal.Invoker.invokeMethod(Invoker.java:646)
	at org.testng.internal.Invoker.invokeTestMethod(Invoker.java:811)
	at org.testng.internal.Invoker.invokeTestMethods(Invoker.java:1137)
	at org.testng.internal.TestMethodWorker.invokeTestMethods(TestMethodWorker.java:129)
	at org.testng.internal.TestMethodWorker.run(TestMethodWorker.java:112)
	at org.testng.TestRunner.privateRun(TestRunner.java:753)
	at org.testng.TestRunner.run(TestRunner.java:607)
	at org.testng.SuiteRunner.runTest(SuiteRunner.java:368)
	at org.testng.SuiteRunner.runSequentially(SuiteRunner.java:363)
	at org.testng.SuiteRunner.privateRun(SuiteRunner.java:321)
	at org.testng.SuiteRunner.run(SuiteRunner.java:270)
	at org.testng.SuiteRunnerWorker.runSuite(SuiteRunnerWorker.java:52)
	at org.testng.SuiteRunnerWorker.run(SuiteRunnerWorker.java:86)
	at java.util.concurrent.ThreadPoolExecutor.runWorker(ThreadPoolExecutor.java:1142)
	at java.util.concurrent.ThreadPoolExecutor$Worker.run(ThreadPoolExecutor.java:617)
	at java.lang.Thread.run(Thread.java:745)
]]>
            </full-stacktrace>
          </exception> <!-- org.testng.SkipException -->
          <reporter-output>
          </reporter-output>
        </test-method> <!-- deletePortfolioTest -->
        <test-method status="PASS" signature="quit()[pri:0, instance:com.qtpselenium.hybrid.portfoliosuite.PortfolioTest@763d9750]" name="quit" is-config="true" duration-ms="140" started-at="2021-02-21T09:58:25Z" finished-at="2021-02-21T09:58:25Z">
          <reporter-output>
          </reporter-output>
        </test-method> <!-- quit -->
      </class> <!-- com.qtpselenium.hybrid.portfoliosuite.PortfolioTest -->
    </test> <!-- PortfolioTest -->
  </suite> <!-- Suite A -->
  <suite name="My suite" duration-ms="0" started-at="2021-02-21T14:58:27Z" finished-at="2021-02-21T14:58:27Z">
    <groups>
    </groups>
  </suite> <!-- My suite -->
</testng-results>
